{
  "/home/eduardo/curso-dev/clone-TabNews/infra/controller.js": {
    "path": "/home/eduardo/curso-dev/clone-TabNews/infra/controller.js",
    "statementMap": {
      "0": {
        "start": { "line": 15, "column": 2 },
        "end": { "line": 21, "column": null }
      },
      "1": {
        "start": { "line": 20, "column": 4 },
        "end": { "line": 20, "column": null }
      },
      "2": {
        "start": { "line": 23, "column": 2 },
        "end": { "line": 26, "column": null }
      },
      "3": {
        "start": { "line": 24, "column": 4 },
        "end": { "line": 24, "column": null }
      },
      "4": {
        "start": { "line": 25, "column": 4 },
        "end": { "line": 25, "column": null }
      },
      "5": {
        "start": { "line": 27, "column": 29 },
        "end": { "line": 29, "column": null }
      },
      "6": {
        "start": { "line": 31, "column": 2 },
        "end": { "line": 31, "column": null }
      },
      "7": {
        "start": { "line": 32, "column": 2 },
        "end": { "line": 32, "column": null }
      },
      "8": {
        "start": { "line": 36, "column": 29 },
        "end": { "line": 36, "column": null }
      },
      "9": {
        "start": { "line": 37, "column": 2 },
        "end": { "line": 39, "column": null }
      },
      "10": {
        "start": { "line": 43, "column": 20 },
        "end": { "line": 48, "column": null }
      },
      "11": {
        "start": { "line": 49, "column": 2 },
        "end": { "line": 49, "column": null }
      },
      "12": {
        "start": { "line": 53, "column": 20 },
        "end": { "line": 58, "column": null }
      },
      "13": {
        "start": { "line": 59, "column": 2 },
        "end": { "line": 59, "column": null }
      },
      "14": {
        "start": { "line": 63, "column": 2 },
        "end": { "line": 66, "column": null }
      },
      "15": {
        "start": { "line": 64, "column": 4 },
        "end": { "line": 64, "column": null }
      },
      "16": {
        "start": { "line": 65, "column": 4 },
        "end": { "line": 65, "column": null }
      },
      "17": {
        "start": { "line": 67, "column": 2 },
        "end": { "line": 67, "column": null }
      },
      "18": {
        "start": { "line": 68, "column": 2 },
        "end": { "line": 68, "column": null }
      },
      "19": {
        "start": { "line": 72, "column": 30 },
        "end": { "line": 74, "column": null }
      },
      "20": {
        "start": { "line": 75, "column": 2 },
        "end": { "line": 78, "column": null }
      },
      "21": {
        "start": { "line": 82, "column": 23 },
        "end": { "line": 82, "column": 49 }
      },
      "22": {
        "start": { "line": 83, "column": 24 },
        "end": { "line": 83, "column": null }
      },
      "23": {
        "start": { "line": 84, "column": 21 },
        "end": { "line": 84, "column": null }
      },
      "24": {
        "start": { "line": 86, "column": 2 },
        "end": { "line": 89, "column": null }
      },
      "25": {
        "start": { "line": 93, "column": 2 },
        "end": { "line": 104, "column": null }
      },
      "26": {
        "start": { "line": 94, "column": 32 },
        "end": { "line": 94, "column": 52 }
      },
      "27": {
        "start": { "line": 96, "column": 4 },
        "end": { "line": 98, "column": null }
      },
      "28": {
        "start": { "line": 97, "column": 6 },
        "end": { "line": 97, "column": null }
      },
      "29": {
        "start": { "line": 100, "column": 4 },
        "end": { "line": 103, "column": null }
      },
      "30": {
        "start": { "line": 107, "column": 19 },
        "end": { "line": 116, "column": null }
      }
    },
    "fnMap": {
      "0": {
        "name": "onErrorHandler",
        "decl": {
          "start": { "line": 14, "column": 9 },
          "end": { "line": 14, "column": 24 }
        },
        "loc": {
          "start": { "line": 14, "column": 48 },
          "end": { "line": 33, "column": null }
        }
      },
      "1": {
        "name": "onNoMatchHandler",
        "decl": {
          "start": { "line": 35, "column": 9 },
          "end": { "line": 35, "column": 26 }
        },
        "loc": {
          "start": { "line": 35, "column": 43 },
          "end": { "line": 40, "column": null }
        }
      },
      "2": {
        "name": "clearSessionCookie",
        "decl": {
          "start": { "line": 42, "column": 15 },
          "end": { "line": 42, "column": 34 }
        },
        "loc": {
          "start": { "line": 42, "column": 42 },
          "end": { "line": 50, "column": null }
        }
      },
      "3": {
        "name": "setSessionCookie",
        "decl": {
          "start": { "line": 52, "column": 15 },
          "end": { "line": 52, "column": 32 }
        },
        "loc": {
          "start": { "line": 52, "column": 54 },
          "end": { "line": 60, "column": null }
        }
      },
      "4": {
        "name": "injectAnonymousOrUser",
        "decl": {
          "start": { "line": 62, "column": 15 },
          "end": { "line": 62, "column": 37 }
        },
        "loc": {
          "start": { "line": 62, "column": 60 },
          "end": { "line": 69, "column": null }
        }
      },
      "5": {
        "name": "injectAnonymousUser",
        "decl": {
          "start": { "line": 71, "column": 9 },
          "end": { "line": 71, "column": 29 }
        },
        "loc": {
          "start": { "line": 71, "column": 36 },
          "end": { "line": 79, "column": null }
        }
      },
      "6": {
        "name": "injectAuthenticatedUser",
        "decl": {
          "start": { "line": 81, "column": 15 },
          "end": { "line": 81, "column": 39 }
        },
        "loc": {
          "start": { "line": 81, "column": 46 },
          "end": { "line": 90, "column": null }
        }
      },
      "7": {
        "name": "canRequest",
        "decl": {
          "start": { "line": 92, "column": 9 },
          "end": { "line": 92, "column": 20 }
        },
        "loc": {
          "start": { "line": 92, "column": 27 },
          "end": { "line": 105, "column": null }
        }
      },
      "8": {
        "name": "canRequestMiddleware",
        "decl": {
          "start": { "line": 93, "column": 18 },
          "end": { "line": 93, "column": 39 }
        },
        "loc": {
          "start": { "line": 93, "column": 62 },
          "end": { "line": 104, "column": null }
        }
      }
    },
    "branchMap": {
      "0": {
        "loc": {
          "start": { "line": 15, "column": 2 },
          "end": { "line": 21, "column": null }
        },
        "type": "if",
        "locations": [
          {
            "start": { "line": 15, "column": 2 },
            "end": { "line": 21, "column": null }
          },
          { "start": {}, "end": {} }
        ]
      },
      "1": {
        "loc": {
          "start": { "line": 16, "column": 4 },
          "end": { "line": 18, "column": null }
        },
        "type": "binary-expr",
        "locations": [
          {
            "start": { "line": 16, "column": 4 },
            "end": { "line": 16, "column": null }
          },
          {
            "start": { "line": 17, "column": 4 },
            "end": { "line": 17, "column": null }
          },
          {
            "start": { "line": 18, "column": 4 },
            "end": { "line": 18, "column": null }
          }
        ]
      },
      "2": {
        "loc": {
          "start": { "line": 23, "column": 2 },
          "end": { "line": 26, "column": null }
        },
        "type": "if",
        "locations": [
          {
            "start": { "line": 23, "column": 2 },
            "end": { "line": 26, "column": null }
          },
          { "start": {}, "end": {} }
        ]
      },
      "3": {
        "loc": {
          "start": { "line": 63, "column": 2 },
          "end": { "line": 66, "column": null }
        },
        "type": "if",
        "locations": [
          {
            "start": { "line": 63, "column": 2 },
            "end": { "line": 66, "column": null }
          },
          { "start": {}, "end": {} }
        ]
      },
      "4": {
        "loc": {
          "start": { "line": 96, "column": 4 },
          "end": { "line": 98, "column": null }
        },
        "type": "if",
        "locations": [
          {
            "start": { "line": 96, "column": 4 },
            "end": { "line": 98, "column": null }
          },
          { "start": {}, "end": {} }
        ]
      }
    },
    "s": {
      "0": 0,
      "1": 0,
      "2": 0,
      "3": 0,
      "4": 0,
      "5": 0,
      "6": 0,
      "7": 0,
      "8": 0,
      "9": 0,
      "10": 0,
      "11": 0,
      "12": 0,
      "13": 0,
      "14": 0,
      "15": 0,
      "16": 0,
      "17": 0,
      "18": 0,
      "19": 0,
      "20": 0,
      "21": 0,
      "22": 0,
      "23": 0,
      "24": 0,
      "25": 0,
      "26": 0,
      "27": 0,
      "28": 0,
      "29": 0,
      "30": 0
    },
    "f": {
      "0": 0,
      "1": 0,
      "2": 0,
      "3": 0,
      "4": 0,
      "5": 0,
      "6": 0,
      "7": 0,
      "8": 0
    },
    "b": { "0": [0, 0], "1": [0, 0, 0], "2": [0, 0], "3": [0, 0], "4": [0, 0] }
  },
  "/home/eduardo/curso-dev/clone-TabNews/infra/database.js": {
    "path": "/home/eduardo/curso-dev/clone-TabNews/infra/database.js",
    "statementMap": {
      "0": {
        "start": { "line": 6, "column": 2 },
        "end": { "line": 18, "column": null }
      },
      "1": {
        "start": { "line": 7, "column": 4 },
        "end": { "line": 7, "column": null }
      },
      "2": {
        "start": { "line": 8, "column": 19 },
        "end": { "line": 8, "column": null }
      },
      "3": {
        "start": { "line": 9, "column": 4 },
        "end": { "line": 9, "column": null }
      },
      "4": {
        "start": { "line": 11, "column": 31 },
        "end": { "line": 14, "column": null }
      },
      "5": {
        "start": { "line": 15, "column": 4 },
        "end": { "line": 15, "column": null }
      },
      "6": {
        "start": { "line": 17, "column": 4 },
        "end": { "line": 17, "column": null }
      },
      "7": {
        "start": { "line": 22, "column": 17 },
        "end": { "line": 28, "column": null }
      },
      "8": {
        "start": { "line": 29, "column": 2 },
        "end": { "line": 29, "column": null }
      },
      "9": {
        "start": { "line": 30, "column": 2 },
        "end": { "line": 30, "column": null }
      },
      "10": {
        "start": { "line": 33, "column": 17 },
        "end": { "line": 36, "column": null }
      }
    },
    "fnMap": {
      "0": {
        "name": "query",
        "decl": {
          "start": { "line": 4, "column": 15 },
          "end": { "line": 4, "column": 21 }
        },
        "loc": {
          "start": { "line": 4, "column": 32 },
          "end": { "line": 19, "column": null }
        }
      },
      "1": {
        "name": "getNewClient",
        "decl": {
          "start": { "line": 21, "column": 15 },
          "end": { "line": 21, "column": null }
        },
        "loc": {
          "start": { "line": 21, "column": 15 },
          "end": { "line": 31, "column": null }
        }
      }
    },
    "branchMap": {},
    "s": {
      "0": 186,
      "1": 186,
      "2": 186,
      "3": 186,
      "4": 0,
      "5": 0,
      "6": 186,
      "7": 186,
      "8": 186,
      "9": 186,
      "10": 13
    },
    "f": { "0": 186, "1": 186 },
    "b": {}
  },
  "/home/eduardo/curso-dev/clone-TabNews/infra/email.js": {
    "path": "/home/eduardo/curso-dev/clone-TabNews/infra/email.js",
    "statementMap": {
      "0": {
        "start": { "line": 3, "column": 20 },
        "end": { "line": 11, "column": null }
      },
      "1": {
        "start": { "line": 14, "column": 2 },
        "end": { "line": 14, "column": null }
      },
      "2": {
        "start": { "line": 17, "column": 14 },
        "end": { "line": 19, "column": null }
      }
    },
    "fnMap": {
      "0": {
        "name": "send",
        "decl": {
          "start": { "line": 13, "column": 15 },
          "end": { "line": 13, "column": 20 }
        },
        "loc": {
          "start": { "line": 13, "column": 31 },
          "end": { "line": 15, "column": null }
        }
      }
    },
    "branchMap": {
      "0": {
        "loc": {
          "start": { "line": 10, "column": 10 },
          "end": { "line": 10, "column": null }
        },
        "type": "cond-expr",
        "locations": [
          {
            "start": { "line": 10, "column": 50 },
            "end": { "line": 10, "column": 57 }
          },
          {
            "start": { "line": 10, "column": 57 },
            "end": { "line": 10, "column": null }
          }
        ]
      }
    },
    "s": { "0": 13, "1": 2, "2": 13 },
    "f": { "0": 2 },
    "b": { "0": [0, 13] }
  },
  "/home/eduardo/curso-dev/clone-TabNews/infra/errors.js": {
    "path": "/home/eduardo/curso-dev/clone-TabNews/infra/errors.js",
    "statementMap": {
      "0": {
        "start": { "line": 3, "column": 4 },
        "end": { "line": 5, "column": null }
      },
      "1": {
        "start": { "line": 6, "column": 4 },
        "end": { "line": 6, "column": null }
      },
      "2": {
        "start": { "line": 7, "column": 4 },
        "end": { "line": 7, "column": null }
      },
      "3": {
        "start": { "line": 8, "column": 4 },
        "end": { "line": 8, "column": null }
      },
      "4": {
        "start": { "line": 11, "column": 4 },
        "end": { "line": 16, "column": null }
      },
      "5": {
        "start": { "line": 22, "column": 4 },
        "end": { "line": 24, "column": null }
      },
      "6": {
        "start": { "line": 25, "column": 4 },
        "end": { "line": 25, "column": null }
      },
      "7": {
        "start": { "line": 26, "column": 4 },
        "end": { "line": 26, "column": null }
      },
      "8": {
        "start": { "line": 27, "column": 4 },
        "end": { "line": 27, "column": null }
      },
      "9": {
        "start": { "line": 30, "column": 4 },
        "end": { "line": 35, "column": null }
      },
      "10": {
        "start": { "line": 41, "column": 4 },
        "end": { "line": 43, "column": null }
      },
      "11": {
        "start": { "line": 44, "column": 4 },
        "end": { "line": 44, "column": null }
      },
      "12": {
        "start": { "line": 45, "column": 4 },
        "end": { "line": 47, "column": null }
      },
      "13": {
        "start": { "line": 48, "column": 4 },
        "end": { "line": 48, "column": null }
      },
      "14": {
        "start": { "line": 51, "column": 4 },
        "end": { "line": 56, "column": null }
      },
      "15": {
        "start": { "line": 62, "column": 4 },
        "end": { "line": 64, "column": null }
      },
      "16": {
        "start": { "line": 65, "column": 4 },
        "end": { "line": 65, "column": null }
      },
      "17": {
        "start": { "line": 66, "column": 4 },
        "end": { "line": 66, "column": null }
      },
      "18": {
        "start": { "line": 67, "column": 4 },
        "end": { "line": 67, "column": null }
      },
      "19": {
        "start": { "line": 70, "column": 4 },
        "end": { "line": 75, "column": null }
      },
      "20": {
        "start": { "line": 81, "column": 4 },
        "end": { "line": 83, "column": null }
      },
      "21": {
        "start": { "line": 84, "column": 4 },
        "end": { "line": 84, "column": null }
      },
      "22": {
        "start": { "line": 85, "column": 4 },
        "end": { "line": 86, "column": null }
      },
      "23": {
        "start": { "line": 87, "column": 4 },
        "end": { "line": 87, "column": null }
      },
      "24": {
        "start": { "line": 90, "column": 4 },
        "end": { "line": 95, "column": null }
      },
      "25": {
        "start": { "line": 100, "column": 4 },
        "end": { "line": 102, "column": null }
      },
      "26": {
        "start": { "line": 103, "column": 4 },
        "end": { "line": 103, "column": null }
      },
      "27": {
        "start": { "line": 104, "column": 4 },
        "end": { "line": 104, "column": null }
      },
      "28": {
        "start": { "line": 105, "column": 4 },
        "end": { "line": 105, "column": null }
      },
      "29": {
        "start": { "line": 108, "column": 4 },
        "end": { "line": 113, "column": null }
      },
      "30": {
        "start": { "line": 118, "column": 4 },
        "end": { "line": 118, "column": null }
      },
      "31": {
        "start": { "line": 119, "column": 4 },
        "end": { "line": 119, "column": null }
      },
      "32": {
        "start": { "line": 120, "column": 4 },
        "end": { "line": 120, "column": null }
      },
      "33": {
        "start": { "line": 121, "column": 4 },
        "end": { "line": 121, "column": null }
      },
      "34": {
        "start": { "line": 124, "column": 4 },
        "end": { "line": 129, "column": null }
      }
    },
    "fnMap": {
      "0": {
        "name": "(anonymous_0)",
        "decl": {
          "start": { "line": 2, "column": 2 },
          "end": { "line": 2, "column": 14 }
        },
        "loc": {
          "start": { "line": 2, "column": 37 },
          "end": { "line": 9, "column": null }
        }
      },
      "1": {
        "name": "(anonymous_1)",
        "decl": {
          "start": { "line": 10, "column": 2 },
          "end": { "line": 10, "column": 11 }
        },
        "loc": {
          "start": { "line": 10, "column": 11 },
          "end": { "line": 17, "column": null }
        }
      },
      "2": {
        "name": "(anonymous_2)",
        "decl": {
          "start": { "line": 21, "column": 2 },
          "end": { "line": 21, "column": 14 }
        },
        "loc": {
          "start": { "line": 21, "column": 34 },
          "end": { "line": 28, "column": null }
        }
      },
      "3": {
        "name": "(anonymous_3)",
        "decl": {
          "start": { "line": 29, "column": 2 },
          "end": { "line": 29, "column": 11 }
        },
        "loc": {
          "start": { "line": 29, "column": 11 },
          "end": { "line": 36, "column": null }
        }
      },
      "4": {
        "name": "(anonymous_4)",
        "decl": {
          "start": { "line": 40, "column": 2 },
          "end": { "line": 40, "column": 14 }
        },
        "loc": {
          "start": { "line": 40, "column": 42 },
          "end": { "line": 49, "column": null }
        }
      },
      "5": {
        "name": "(anonymous_5)",
        "decl": {
          "start": { "line": 50, "column": 2 },
          "end": { "line": 50, "column": 11 }
        },
        "loc": {
          "start": { "line": 50, "column": 11 },
          "end": { "line": 57, "column": null }
        }
      },
      "6": {
        "name": "(anonymous_6)",
        "decl": {
          "start": { "line": 61, "column": 2 },
          "end": { "line": 61, "column": 14 }
        },
        "loc": {
          "start": { "line": 61, "column": 42 },
          "end": { "line": 68, "column": null }
        }
      },
      "7": {
        "name": "(anonymous_7)",
        "decl": {
          "start": { "line": 69, "column": 2 },
          "end": { "line": 69, "column": 11 }
        },
        "loc": {
          "start": { "line": 69, "column": 11 },
          "end": { "line": 76, "column": null }
        }
      },
      "8": {
        "name": "(anonymous_8)",
        "decl": {
          "start": { "line": 80, "column": 2 },
          "end": { "line": 80, "column": 14 }
        },
        "loc": {
          "start": { "line": 80, "column": 42 },
          "end": { "line": 88, "column": null }
        }
      },
      "9": {
        "name": "(anonymous_9)",
        "decl": {
          "start": { "line": 89, "column": 2 },
          "end": { "line": 89, "column": 11 }
        },
        "loc": {
          "start": { "line": 89, "column": 11 },
          "end": { "line": 96, "column": null }
        }
      },
      "10": {
        "name": "(anonymous_10)",
        "decl": {
          "start": { "line": 99, "column": 2 },
          "end": { "line": 99, "column": 14 }
        },
        "loc": {
          "start": { "line": 99, "column": 42 },
          "end": { "line": 106, "column": null }
        }
      },
      "11": {
        "name": "(anonymous_11)",
        "decl": {
          "start": { "line": 107, "column": 2 },
          "end": { "line": 107, "column": 11 }
        },
        "loc": {
          "start": { "line": 107, "column": 11 },
          "end": { "line": 114, "column": null }
        }
      },
      "12": {
        "name": "(anonymous_12)",
        "decl": {
          "start": { "line": 117, "column": 2 },
          "end": { "line": 117, "column": 16 }
        },
        "loc": {
          "start": { "line": 117, "column": 16 },
          "end": { "line": 122, "column": null }
        }
      },
      "13": {
        "name": "(anonymous_13)",
        "decl": {
          "start": { "line": 123, "column": 2 },
          "end": { "line": 123, "column": 11 }
        },
        "loc": {
          "start": { "line": 123, "column": 11 },
          "end": { "line": 130, "column": null }
        }
      }
    },
    "branchMap": {
      "0": {
        "loc": {
          "start": { "line": 8, "column": 22 },
          "end": { "line": 8, "column": null }
        },
        "type": "binary-expr",
        "locations": [
          {
            "start": { "line": 8, "column": 22 },
            "end": { "line": 8, "column": 36 }
          },
          {
            "start": { "line": 8, "column": 36 },
            "end": { "line": 8, "column": null }
          }
        ]
      },
      "1": {
        "loc": {
          "start": { "line": 22, "column": 10 },
          "end": { "line": 22, "column": 57 }
        },
        "type": "binary-expr",
        "locations": [
          {
            "start": { "line": 22, "column": 10 },
            "end": { "line": 22, "column": 21 }
          },
          {
            "start": { "line": 22, "column": 21 },
            "end": { "line": 22, "column": 57 }
          }
        ]
      },
      "2": {
        "loc": {
          "start": { "line": 41, "column": 10 },
          "end": { "line": 41, "column": 75 }
        },
        "type": "binary-expr",
        "locations": [
          {
            "start": { "line": 41, "column": 10 },
            "end": { "line": 41, "column": 21 }
          },
          {
            "start": { "line": 41, "column": 21 },
            "end": { "line": 41, "column": 75 }
          }
        ]
      },
      "3": {
        "loc": {
          "start": { "line": 46, "column": 6 },
          "end": { "line": 47, "column": null }
        },
        "type": "binary-expr",
        "locations": [
          {
            "start": { "line": 46, "column": 6 },
            "end": { "line": 46, "column": null }
          },
          {
            "start": { "line": 47, "column": 6 },
            "end": { "line": 47, "column": null }
          }
        ]
      },
      "4": {
        "loc": {
          "start": { "line": 62, "column": 10 },
          "end": { "line": 62, "column": 49 }
        },
        "type": "binary-expr",
        "locations": [
          {
            "start": { "line": 62, "column": 10 },
            "end": { "line": 62, "column": 21 }
          },
          {
            "start": { "line": 62, "column": 21 },
            "end": { "line": 62, "column": 49 }
          }
        ]
      },
      "5": {
        "loc": {
          "start": { "line": 66, "column": 18 },
          "end": { "line": 66, "column": null }
        },
        "type": "binary-expr",
        "locations": [
          {
            "start": { "line": 66, "column": 18 },
            "end": { "line": 66, "column": 28 }
          },
          {
            "start": { "line": 66, "column": 28 },
            "end": { "line": 66, "column": null }
          }
        ]
      },
      "6": {
        "loc": {
          "start": { "line": 81, "column": 10 },
          "end": { "line": 81, "column": 39 }
        },
        "type": "binary-expr",
        "locations": [
          {
            "start": { "line": 81, "column": 10 },
            "end": { "line": 81, "column": 21 }
          },
          {
            "start": { "line": 81, "column": 21 },
            "end": { "line": 81, "column": 39 }
          }
        ]
      },
      "7": {
        "loc": {
          "start": { "line": 86, "column": 6 },
          "end": { "line": 86, "column": null }
        },
        "type": "binary-expr",
        "locations": [
          {
            "start": { "line": 86, "column": 6 },
            "end": { "line": 86, "column": 16 }
          },
          {
            "start": { "line": 86, "column": 16 },
            "end": { "line": 86, "column": null }
          }
        ]
      },
      "8": {
        "loc": {
          "start": { "line": 100, "column": 10 },
          "end": { "line": 100, "column": 53 }
        },
        "type": "binary-expr",
        "locations": [
          {
            "start": { "line": 100, "column": 10 },
            "end": { "line": 100, "column": 21 }
          },
          {
            "start": { "line": 100, "column": 21 },
            "end": { "line": 100, "column": 53 }
          }
        ]
      },
      "9": {
        "loc": {
          "start": { "line": 104, "column": 18 },
          "end": { "line": 104, "column": null }
        },
        "type": "binary-expr",
        "locations": [
          {
            "start": { "line": 104, "column": 18 },
            "end": { "line": 104, "column": 28 }
          },
          {
            "start": { "line": 104, "column": 28 },
            "end": { "line": 104, "column": null }
          }
        ]
      }
    },
    "s": {
      "0": 7,
      "1": 7,
      "2": 7,
      "3": 7,
      "4": 0,
      "5": 0,
      "6": 0,
      "7": 0,
      "8": 0,
      "9": 0,
      "10": 0,
      "11": 0,
      "12": 0,
      "13": 0,
      "14": 0,
      "15": 0,
      "16": 0,
      "17": 0,
      "18": 0,
      "19": 0,
      "20": 0,
      "21": 0,
      "22": 0,
      "23": 0,
      "24": 0,
      "25": 0,
      "26": 0,
      "27": 0,
      "28": 0,
      "29": 0,
      "30": 0,
      "31": 0,
      "32": 0,
      "33": 0,
      "34": 0
    },
    "f": {
      "0": 7,
      "1": 0,
      "2": 0,
      "3": 0,
      "4": 0,
      "5": 0,
      "6": 0,
      "7": 0,
      "8": 0,
      "9": 0,
      "10": 0,
      "11": 0,
      "12": 0,
      "13": 0
    },
    "b": {
      "0": [7, 7],
      "1": [0, 0],
      "2": [0, 0],
      "3": [0, 0],
      "4": [0, 0],
      "5": [0, 0],
      "6": [0, 0],
      "7": [0, 0],
      "8": [0, 0],
      "9": [0, 0]
    }
  },
  "/home/eduardo/curso-dev/clone-TabNews/infra/webserver.js": {
    "path": "/home/eduardo/curso-dev/clone-TabNews/infra/webserver.js",
    "statementMap": {
      "0": {
        "start": { "line": 2, "column": 2 },
        "end": { "line": 4, "column": null }
      },
      "1": {
        "start": { "line": 3, "column": 4 },
        "end": { "line": 3, "column": null }
      },
      "2": {
        "start": { "line": 6, "column": 2 },
        "end": { "line": 8, "column": null }
      },
      "3": {
        "start": { "line": 7, "column": 4 },
        "end": { "line": 7, "column": null }
      },
      "4": {
        "start": { "line": 10, "column": 2 },
        "end": { "line": 10, "column": null }
      },
      "5": {
        "start": { "line": 13, "column": 18 },
        "end": { "line": 15, "column": null }
      }
    },
    "fnMap": {
      "0": {
        "name": "getOrigin",
        "decl": {
          "start": { "line": 1, "column": 9 },
          "end": { "line": 1, "column": null }
        },
        "loc": {
          "start": { "line": 1, "column": 9 },
          "end": { "line": 11, "column": null }
        }
      }
    },
    "branchMap": {
      "0": {
        "loc": {
          "start": { "line": 2, "column": 2 },
          "end": { "line": 4, "column": null }
        },
        "type": "if",
        "locations": [
          {
            "start": { "line": 2, "column": 2 },
            "end": { "line": 4, "column": null }
          },
          { "start": {}, "end": {} }
        ]
      },
      "1": {
        "loc": {
          "start": { "line": 6, "column": 2 },
          "end": { "line": 8, "column": null }
        },
        "type": "if",
        "locations": [
          {
            "start": { "line": 6, "column": 2 },
            "end": { "line": 8, "column": null }
          },
          { "start": {}, "end": {} }
        ]
      }
    },
    "s": { "0": 13, "1": 13, "2": 0, "3": 0, "4": 0, "5": 13 },
    "f": { "0": 13 },
    "b": { "0": [13, 0], "1": [0, 0] }
  },
  "/home/eduardo/curso-dev/clone-TabNews/infra/migrations/1752880721330_create-users.js": {
    "path": "/home/eduardo/curso-dev/clone-TabNews/infra/migrations/1752880721330_create-users.js",
    "statementMap": {
      "0": {
        "start": { "line": 1, "column": 18 },
        "end": { "line": 33, "column": 2 }
      },
      "1": {
        "start": { "line": 2, "column": 2 },
        "end": { "line": 32, "column": null }
      },
      "2": {
        "start": { "line": 35, "column": 20 },
        "end": { "line": 35, "column": 26 }
      }
    },
    "fnMap": {
      "0": {
        "name": "(anonymous_0)",
        "decl": {
          "start": { "line": 1, "column": 18 },
          "end": { "line": 1, "column": 19 }
        },
        "loc": {
          "start": { "line": 1, "column": 19 },
          "end": { "line": 33, "column": 2 }
        }
      }
    },
    "branchMap": {},
    "s": { "0": 10, "1": 10, "2": 10 },
    "f": { "0": 10 },
    "b": {}
  },
  "/home/eduardo/curso-dev/clone-TabNews/infra/migrations/1753532977749_create-sessions.js": {
    "path": "/home/eduardo/curso-dev/clone-TabNews/infra/migrations/1753532977749_create-sessions.js",
    "statementMap": {
      "0": {
        "start": { "line": 1, "column": 18 },
        "end": { "line": 32, "column": 2 }
      },
      "1": {
        "start": { "line": 2, "column": 2 },
        "end": { "line": 31, "column": null }
      },
      "2": {
        "start": { "line": 34, "column": 20 },
        "end": { "line": 34, "column": 26 }
      }
    },
    "fnMap": {
      "0": {
        "name": "(anonymous_0)",
        "decl": {
          "start": { "line": 1, "column": 18 },
          "end": { "line": 1, "column": 19 }
        },
        "loc": {
          "start": { "line": 1, "column": 19 },
          "end": { "line": 32, "column": 2 }
        }
      }
    },
    "branchMap": {},
    "s": { "0": 10, "1": 10, "2": 10 },
    "f": { "0": 10 },
    "b": {}
  },
  "/home/eduardo/curso-dev/clone-TabNews/infra/migrations/1758406328607_add-features-to-users.js": {
    "path": "/home/eduardo/curso-dev/clone-TabNews/infra/migrations/1758406328607_add-features-to-users.js",
    "statementMap": {
      "0": {
        "start": { "line": 1, "column": 18 },
        "end": { "line": 9, "column": 2 }
      },
      "1": {
        "start": { "line": 2, "column": 2 },
        "end": { "line": 8, "column": null }
      },
      "2": {
        "start": { "line": 11, "column": 20 },
        "end": { "line": 11, "column": 26 }
      }
    },
    "fnMap": {
      "0": {
        "name": "(anonymous_0)",
        "decl": {
          "start": { "line": 1, "column": 18 },
          "end": { "line": 1, "column": 19 }
        },
        "loc": {
          "start": { "line": 1, "column": 19 },
          "end": { "line": 9, "column": 2 }
        }
      }
    },
    "branchMap": {},
    "s": { "0": 10, "1": 10, "2": 10 },
    "f": { "0": 10 },
    "b": {}
  },
  "/home/eduardo/curso-dev/clone-TabNews/infra/migrations/1760570736154_create-user-actvitation-tokens.js": {
    "path": "/home/eduardo/curso-dev/clone-TabNews/infra/migrations/1760570736154_create-user-actvitation-tokens.js",
    "statementMap": {
      "0": {
        "start": { "line": 1, "column": 18 },
        "end": { "line": 36, "column": 2 }
      },
      "1": {
        "start": { "line": 2, "column": 2 },
        "end": { "line": 35, "column": null }
      },
      "2": {
        "start": { "line": 38, "column": 20 },
        "end": { "line": 38, "column": 26 }
      }
    },
    "fnMap": {
      "0": {
        "name": "(anonymous_0)",
        "decl": {
          "start": { "line": 1, "column": 18 },
          "end": { "line": 1, "column": 19 }
        },
        "loc": {
          "start": { "line": 1, "column": 19 },
          "end": { "line": 36, "column": 2 }
        }
      }
    },
    "branchMap": {},
    "s": { "0": 10, "1": 10, "2": 10 },
    "f": { "0": 10 },
    "b": {}
  },
  "/home/eduardo/curso-dev/clone-TabNews/infra/scripts/wait-for-postgres.js": {
    "path": "/home/eduardo/curso-dev/clone-TabNews/infra/scripts/wait-for-postgres.js",
    "statementMap": {
      "0": {
        "start": { "line": 4, "column": 2 },
        "end": { "line": 4, "column": null }
      },
      "1": {
        "start": { "line": 7, "column": 4 },
        "end": { "line": 11, "column": null }
      },
      "2": {
        "start": { "line": 8, "column": 6 },
        "end": { "line": 8, "column": null }
      },
      "3": {
        "start": { "line": 9, "column": 6 },
        "end": { "line": 9, "column": null }
      },
      "4": {
        "start": { "line": 10, "column": 6 },
        "end": { "line": 10, "column": null }
      },
      "5": {
        "start": { "line": 12, "column": 4 },
        "end": { "line": 12, "column": null }
      },
      "6": {
        "start": { "line": 16, "column": 0 },
        "end": { "line": 16, "column": null }
      },
      "7": {
        "start": { "line": 17, "column": 0 },
        "end": { "line": 17, "column": null }
      }
    },
    "fnMap": {
      "0": {
        "name": "checkPostgres",
        "decl": {
          "start": { "line": 3, "column": 9 },
          "end": { "line": 3, "column": null }
        },
        "loc": {
          "start": { "line": 3, "column": 9 },
          "end": { "line": 14, "column": null }
        }
      },
      "1": {
        "name": "handleReturn",
        "decl": {
          "start": { "line": 6, "column": 11 },
          "end": { "line": 6, "column": 24 }
        },
        "loc": {
          "start": { "line": 6, "column": 37 },
          "end": { "line": 13, "column": null }
        }
      }
    },
    "branchMap": {
      "0": {
        "loc": {
          "start": { "line": 7, "column": 4 },
          "end": { "line": 11, "column": null }
        },
        "type": "if",
        "locations": [
          {
            "start": { "line": 7, "column": 4 },
            "end": { "line": 11, "column": null }
          },
          { "start": {}, "end": {} }
        ]
      }
    },
    "s": { "0": 0, "1": 0, "2": 0, "3": 0, "4": 0, "5": 0, "6": 0, "7": 0 },
    "f": { "0": 0, "1": 0 },
    "b": { "0": [0, 0] }
  },
  "/home/eduardo/curso-dev/clone-TabNews/models/activation.js": {
    "path": "/home/eduardo/curso-dev/clone-TabNews/models/activation.js",
    "statementMap": {
      "0": {
        "start": { "line": 8, "column": 35 },
        "end": { "line": 8, "column": null }
      },
      "1": {
        "start": { "line": 11, "column": 32 },
        "end": { "line": 11, "column": null }
      },
      "2": {
        "start": { "line": 12, "column": 2 },
        "end": { "line": 12, "column": null }
      },
      "3": {
        "start": { "line": 15, "column": 20 },
        "end": { "line": 29, "column": null }
      },
      "4": {
        "start": { "line": 31, "column": 4 },
        "end": { "line": 37, "column": null }
      },
      "5": {
        "start": { "line": 32, "column": 6 },
        "end": { "line": 36, "column": null }
      },
      "6": {
        "start": { "line": 38, "column": 4 },
        "end": { "line": 38, "column": null }
      },
      "7": {
        "start": { "line": 43, "column": 20 },
        "end": { "line": 43, "column": null }
      },
      "8": {
        "start": { "line": 44, "column": 19 },
        "end": { "line": 44, "column": null }
      },
      "9": {
        "start": { "line": 45, "column": 2 },
        "end": { "line": 45, "column": null }
      },
      "10": {
        "start": { "line": 48, "column": 20 },
        "end": { "line": 58, "column": null }
      },
      "11": {
        "start": { "line": 60, "column": 4 },
        "end": { "line": 60, "column": null }
      },
      "12": {
        "start": { "line": 65, "column": 2 },
        "end": { "line": 75, "column": null }
      },
      "13": {
        "start": { "line": 79, "column": 30 },
        "end": { "line": 79, "column": null }
      },
      "14": {
        "start": { "line": 80, "column": 2 },
        "end": { "line": 80, "column": null }
      },
      "15": {
        "start": { "line": 83, "column": 20 },
        "end": { "line": 96, "column": null }
      },
      "16": {
        "start": { "line": 97, "column": 4 },
        "end": { "line": 97, "column": null }
      },
      "17": {
        "start": { "line": 102, "column": 25 },
        "end": { "line": 102, "column": null }
      },
      "18": {
        "start": { "line": 104, "column": 2 },
        "end": { "line": 109, "column": null }
      },
      "19": {
        "start": { "line": 105, "column": 4 },
        "end": { "line": 108, "column": null }
      },
      "20": {
        "start": { "line": 110, "column": 24 },
        "end": { "line": 114, "column": null }
      },
      "21": {
        "start": { "line": 115, "column": 2 },
        "end": { "line": 115, "column": null }
      },
      "22": {
        "start": { "line": 118, "column": 19 },
        "end": { "line": 125, "column": null }
      }
    },
    "fnMap": {
      "0": {
        "name": "findOneValidById",
        "decl": {
          "start": { "line": 10, "column": 15 },
          "end": { "line": 10, "column": 32 }
        },
        "loc": {
          "start": { "line": 10, "column": 39 },
          "end": { "line": 40, "column": null }
        }
      },
      "1": {
        "name": "runSelectQuery",
        "decl": {
          "start": { "line": 14, "column": 17 },
          "end": { "line": 14, "column": 32 }
        },
        "loc": {
          "start": { "line": 14, "column": 39 },
          "end": { "line": 39, "column": null }
        }
      },
      "2": {
        "name": "create",
        "decl": {
          "start": { "line": 42, "column": 15 },
          "end": { "line": 42, "column": 22 }
        },
        "loc": {
          "start": { "line": 42, "column": 28 },
          "end": { "line": 62, "column": null }
        }
      },
      "3": {
        "name": "runInsertQuery",
        "decl": {
          "start": { "line": 47, "column": 17 },
          "end": { "line": 47, "column": 32 }
        },
        "loc": {
          "start": { "line": 47, "column": 49 },
          "end": { "line": 61, "column": null }
        }
      },
      "4": {
        "name": "sendEmailToUser",
        "decl": {
          "start": { "line": 64, "column": 15 },
          "end": { "line": 64, "column": 31 }
        },
        "loc": {
          "start": { "line": 64, "column": 52 },
          "end": { "line": 76, "column": null }
        }
      },
      "5": {
        "name": "markTokenAsUsed",
        "decl": {
          "start": { "line": 78, "column": 15 },
          "end": { "line": 78, "column": 31 }
        },
        "loc": {
          "start": { "line": 78, "column": 48 },
          "end": { "line": 99, "column": null }
        }
      },
      "6": {
        "name": "runUpdateQuery",
        "decl": {
          "start": { "line": 82, "column": 17 },
          "end": { "line": 82, "column": 32 }
        },
        "loc": {
          "start": { "line": 82, "column": 49 },
          "end": { "line": 98, "column": null }
        }
      },
      "7": {
        "name": "activatedUserByUserId",
        "decl": {
          "start": { "line": 101, "column": 15 },
          "end": { "line": 101, "column": 37 }
        },
        "loc": {
          "start": { "line": 101, "column": 43 },
          "end": { "line": 116, "column": null }
        }
      }
    },
    "branchMap": {
      "0": {
        "loc": {
          "start": { "line": 31, "column": 4 },
          "end": { "line": 37, "column": null }
        },
        "type": "if",
        "locations": [
          {
            "start": { "line": 31, "column": 4 },
            "end": { "line": 37, "column": null }
          },
          { "start": {}, "end": {} }
        ]
      },
      "1": {
        "loc": {
          "start": { "line": 104, "column": 2 },
          "end": { "line": 109, "column": null }
        },
        "type": "if",
        "locations": [
          {
            "start": { "line": 104, "column": 2 },
            "end": { "line": 109, "column": null }
          },
          { "start": {}, "end": {} }
        ]
      }
    },
    "s": {
      "0": 13,
      "1": 1,
      "2": 1,
      "3": 1,
      "4": 1,
      "5": 0,
      "6": 1,
      "7": 5,
      "8": 5,
      "9": 5,
      "10": 5,
      "11": 5,
      "12": 0,
      "13": 0,
      "14": 0,
      "15": 0,
      "16": 0,
      "17": 18,
      "18": 18,
      "19": 0,
      "20": 18,
      "21": 18,
      "22": 13
    },
    "f": { "0": 1, "1": 1, "2": 5, "3": 5, "4": 0, "5": 0, "6": 0, "7": 18 },
    "b": { "0": [0, 1], "1": [0, 18] }
  },
  "/home/eduardo/curso-dev/clone-TabNews/models/authentication.js": {
    "path": "/home/eduardo/curso-dev/clone-TabNews/models/authentication.js",
    "statementMap": {
      "0": {
        "start": { "line": 6, "column": 2 },
        "end": { "line": 18, "column": null }
      },
      "1": {
        "start": { "line": 7, "column": 23 },
        "end": { "line": 7, "column": null }
      },
      "2": {
        "start": { "line": 8, "column": 4 },
        "end": { "line": 8, "column": null }
      },
      "3": {
        "start": { "line": 9, "column": 4 },
        "end": { "line": 9, "column": null }
      },
      "4": {
        "start": { "line": 11, "column": 4 },
        "end": { "line": 16, "column": null }
      },
      "5": {
        "start": { "line": 12, "column": 6 },
        "end": { "line": 15, "column": null }
      },
      "6": {
        "start": { "line": 17, "column": 4 },
        "end": { "line": 17, "column": null }
      },
      "7": {
        "start": { "line": 22, "column": 4 },
        "end": { "line": 32, "column": null }
      },
      "8": {
        "start": { "line": 23, "column": 6 },
        "end": { "line": 23, "column": null }
      },
      "9": {
        "start": { "line": 25, "column": 6 },
        "end": { "line": 30, "column": null }
      },
      "10": {
        "start": { "line": 26, "column": 8 },
        "end": { "line": 29, "column": null }
      },
      "11": {
        "start": { "line": 31, "column": 6 },
        "end": { "line": 31, "column": null }
      },
      "12": {
        "start": { "line": 33, "column": 4 },
        "end": { "line": 33, "column": null }
      },
      "13": {
        "start": { "line": 37, "column": 33 },
        "end": { "line": 39, "column": null }
      },
      "14": {
        "start": { "line": 42, "column": 4 },
        "end": { "line": 47, "column": null }
      },
      "15": {
        "start": { "line": 43, "column": 6 },
        "end": { "line": 46, "column": null }
      },
      "16": {
        "start": { "line": 51, "column": 23 },
        "end": { "line": 53, "column": null }
      }
    },
    "fnMap": {
      "0": {
        "name": "getAuthenticatedUser",
        "decl": {
          "start": { "line": 5, "column": 15 },
          "end": { "line": 5, "column": 36 }
        },
        "loc": {
          "start": { "line": 5, "column": 67 },
          "end": { "line": 49, "column": null }
        }
      },
      "1": {
        "name": "findUserByEmail",
        "decl": {
          "start": { "line": 20, "column": 17 },
          "end": { "line": 20, "column": 33 }
        },
        "loc": {
          "start": { "line": 20, "column": 46 },
          "end": { "line": 34, "column": null }
        }
      },
      "2": {
        "name": "validatePassword",
        "decl": {
          "start": { "line": 36, "column": 17 },
          "end": { "line": 36, "column": 34 }
        },
        "loc": {
          "start": { "line": 36, "column": 66 },
          "end": { "line": 48, "column": null }
        }
      }
    },
    "branchMap": {
      "0": {
        "loc": {
          "start": { "line": 11, "column": 4 },
          "end": { "line": 16, "column": null }
        },
        "type": "if",
        "locations": [
          {
            "start": { "line": 11, "column": 4 },
            "end": { "line": 16, "column": null }
          },
          { "start": {}, "end": {} }
        ]
      },
      "1": {
        "loc": {
          "start": { "line": 25, "column": 6 },
          "end": { "line": 30, "column": null }
        },
        "type": "if",
        "locations": [
          {
            "start": { "line": 25, "column": 6 },
            "end": { "line": 30, "column": null }
          },
          { "start": {}, "end": {} }
        ]
      },
      "2": {
        "loc": {
          "start": { "line": 42, "column": 4 },
          "end": { "line": 47, "column": null }
        },
        "type": "if",
        "locations": [
          {
            "start": { "line": 42, "column": 4 },
            "end": { "line": 47, "column": null }
          },
          { "start": {}, "end": {} }
        ]
      }
    },
    "s": {
      "0": 0,
      "1": 0,
      "2": 0,
      "3": 0,
      "4": 0,
      "5": 0,
      "6": 0,
      "7": 0,
      "8": 0,
      "9": 0,
      "10": 0,
      "11": 0,
      "12": 0,
      "13": 0,
      "14": 0,
      "15": 0,
      "16": 0
    },
    "f": { "0": 0, "1": 0, "2": 0 },
    "b": { "0": [0, 0], "1": [0, 0], "2": [0, 0] }
  },
  "/home/eduardo/curso-dev/clone-TabNews/models/authorizantion.js": {
    "path": "/home/eduardo/curso-dev/clone-TabNews/models/authorizantion.js",
    "statementMap": {
      "0": {
        "start": { "line": 3, "column": 26 },
        "end": { "line": 25, "column": null }
      },
      "1": {
        "start": { "line": 28, "column": 2 },
        "end": { "line": 28, "column": null }
      },
      "2": {
        "start": { "line": 29, "column": 2 },
        "end": { "line": 29, "column": null }
      },
      "3": {
        "start": { "line": 30, "column": 19 },
        "end": { "line": 30, "column": null }
      },
      "4": {
        "start": { "line": 32, "column": 2 },
        "end": { "line": 34, "column": null }
      },
      "5": {
        "start": { "line": 33, "column": 4 },
        "end": { "line": 33, "column": null }
      },
      "6": {
        "start": { "line": 36, "column": 2 },
        "end": { "line": 42, "column": null }
      },
      "7": {
        "start": { "line": 37, "column": 4 },
        "end": { "line": 37, "column": null }
      },
      "8": {
        "start": { "line": 39, "column": 4 },
        "end": { "line": 41, "column": null }
      },
      "9": {
        "start": { "line": 40, "column": 6 },
        "end": { "line": 40, "column": null }
      },
      "10": {
        "start": { "line": 44, "column": 2 },
        "end": { "line": 44, "column": null }
      },
      "11": {
        "start": { "line": 48, "column": 2 },
        "end": { "line": 48, "column": null }
      },
      "12": {
        "start": { "line": 49, "column": 2 },
        "end": { "line": 49, "column": null }
      },
      "13": {
        "start": { "line": 50, "column": 2 },
        "end": { "line": 50, "column": null }
      },
      "14": {
        "start": { "line": 52, "column": 2 },
        "end": { "line": 60, "column": null }
      },
      "15": {
        "start": { "line": 53, "column": 4 },
        "end": { "line": 59, "column": null }
      },
      "16": {
        "start": { "line": 62, "column": 2 },
        "end": { "line": 73, "column": null }
      },
      "17": {
        "start": { "line": 63, "column": 4 },
        "end": { "line": 72, "column": null }
      },
      "18": {
        "start": { "line": 64, "column": 6 },
        "end": { "line": 71, "column": null }
      },
      "19": {
        "start": { "line": 75, "column": 2 },
        "end": { "line": 86, "column": null }
      },
      "20": {
        "start": { "line": 76, "column": 4 },
        "end": { "line": 85, "column": null }
      },
      "21": {
        "start": { "line": 77, "column": 6 },
        "end": { "line": 84, "column": null }
      },
      "22": {
        "start": { "line": 88, "column": 2 },
        "end": { "line": 97, "column": null }
      },
      "23": {
        "start": { "line": 89, "column": 4 },
        "end": { "line": 96, "column": null }
      },
      "24": {
        "start": { "line": 99, "column": 2 },
        "end": { "line": 107, "column": null }
      },
      "25": {
        "start": { "line": 100, "column": 4 },
        "end": { "line": 106, "column": null }
      },
      "26": {
        "start": { "line": 101, "column": 6 },
        "end": { "line": 105, "column": null }
      },
      "27": {
        "start": { "line": 109, "column": 2 },
        "end": { "line": 125, "column": null }
      },
      "28": {
        "start": { "line": 110, "column": 25 },
        "end": { "line": 118, "column": null }
      },
      "29": {
        "start": { "line": 120, "column": 4 },
        "end": { "line": 123, "column": null }
      },
      "30": {
        "start": { "line": 121, "column": 6 },
        "end": { "line": 122, "column": null }
      },
      "31": {
        "start": { "line": 124, "column": 4 },
        "end": { "line": 124, "column": null }
      },
      "32": {
        "start": { "line": 129, "column": 2 },
        "end": { "line": 133, "column": null }
      },
      "33": {
        "start": { "line": 130, "column": 4 },
        "end": { "line": 132, "column": null }
      },
      "34": {
        "start": { "line": 137, "column": 2 },
        "end": { "line": 142, "column": null }
      },
      "35": {
        "start": { "line": 138, "column": 4 },
        "end": { "line": 141, "column": null }
      },
      "36": {
        "start": { "line": 146, "column": 2 },
        "end": { "line": 151, "column": null }
      },
      "37": {
        "start": { "line": 147, "column": 4 },
        "end": { "line": 150, "column": null }
      },
      "38": {
        "start": { "line": 154, "column": 22 },
        "end": { "line": 157, "column": null }
      }
    },
    "fnMap": {
      "0": {
        "name": "can",
        "decl": {
          "start": { "line": 27, "column": 9 },
          "end": { "line": 27, "column": 13 }
        },
        "loc": {
          "start": { "line": 27, "column": 36 },
          "end": { "line": 45, "column": null }
        }
      },
      "1": {
        "name": "filterOutput",
        "decl": {
          "start": { "line": 47, "column": 9 },
          "end": { "line": 47, "column": 22 }
        },
        "loc": {
          "start": { "line": 47, "column": 43 },
          "end": { "line": 126, "column": null }
        }
      },
      "2": {
        "name": "(anonymous_2)",
        "decl": {
          "start": { "line": 100, "column": 22 },
          "end": { "line": 100, "column": 23 }
        },
        "loc": {
          "start": { "line": 100, "column": 23 },
          "end": { "line": 106, "column": null }
        }
      },
      "3": {
        "name": "validateUser",
        "decl": {
          "start": { "line": 128, "column": 9 },
          "end": { "line": 128, "column": 22 }
        },
        "loc": {
          "start": { "line": 128, "column": 26 },
          "end": { "line": 134, "column": null }
        }
      },
      "4": {
        "name": "validateFeature",
        "decl": {
          "start": { "line": 136, "column": 9 },
          "end": { "line": 136, "column": 25 }
        },
        "loc": {
          "start": { "line": 136, "column": 32 },
          "end": { "line": 143, "column": null }
        }
      },
      "5": {
        "name": "validateResource",
        "decl": {
          "start": { "line": 145, "column": 9 },
          "end": { "line": 145, "column": 26 }
        },
        "loc": {
          "start": { "line": 145, "column": 34 },
          "end": { "line": 152, "column": null }
        }
      }
    },
    "branchMap": {
      "0": {
        "loc": {
          "start": { "line": 32, "column": 2 },
          "end": { "line": 34, "column": null }
        },
        "type": "if",
        "locations": [
          {
            "start": { "line": 32, "column": 2 },
            "end": { "line": 34, "column": null }
          },
          { "start": {}, "end": {} }
        ]
      },
      "1": {
        "loc": {
          "start": { "line": 36, "column": 2 },
          "end": { "line": 42, "column": null }
        },
        "type": "if",
        "locations": [
          {
            "start": { "line": 36, "column": 2 },
            "end": { "line": 42, "column": null }
          },
          { "start": {}, "end": {} }
        ]
      },
      "2": {
        "loc": {
          "start": { "line": 36, "column": 6 },
          "end": { "line": 36, "column": 45 }
        },
        "type": "binary-expr",
        "locations": [
          {
            "start": { "line": 36, "column": 6 },
            "end": { "line": 36, "column": 35 }
          },
          {
            "start": { "line": 36, "column": 35 },
            "end": { "line": 36, "column": 45 }
          }
        ]
      },
      "3": {
        "loc": {
          "start": { "line": 39, "column": 4 },
          "end": { "line": 41, "column": null }
        },
        "type": "if",
        "locations": [
          {
            "start": { "line": 39, "column": 4 },
            "end": { "line": 41, "column": null }
          },
          { "start": {}, "end": {} }
        ]
      },
      "4": {
        "loc": {
          "start": { "line": 39, "column": 8 },
          "end": { "line": 39, "column": 68 }
        },
        "type": "binary-expr",
        "locations": [
          {
            "start": { "line": 39, "column": 8 },
            "end": { "line": 39, "column": 31 }
          },
          {
            "start": { "line": 39, "column": 35 },
            "end": { "line": 39, "column": 68 }
          }
        ]
      },
      "5": {
        "loc": {
          "start": { "line": 52, "column": 2 },
          "end": { "line": 60, "column": null }
        },
        "type": "if",
        "locations": [
          {
            "start": { "line": 52, "column": 2 },
            "end": { "line": 60, "column": null }
          },
          { "start": {}, "end": {} }
        ]
      },
      "6": {
        "loc": {
          "start": { "line": 62, "column": 2 },
          "end": { "line": 73, "column": null }
        },
        "type": "if",
        "locations": [
          {
            "start": { "line": 62, "column": 2 },
            "end": { "line": 73, "column": null }
          },
          { "start": {}, "end": {} }
        ]
      },
      "7": {
        "loc": {
          "start": { "line": 63, "column": 4 },
          "end": { "line": 72, "column": null }
        },
        "type": "if",
        "locations": [
          {
            "start": { "line": 63, "column": 4 },
            "end": { "line": 72, "column": null }
          },
          { "start": {}, "end": {} }
        ]
      },
      "8": {
        "loc": {
          "start": { "line": 75, "column": 2 },
          "end": { "line": 86, "column": null }
        },
        "type": "if",
        "locations": [
          {
            "start": { "line": 75, "column": 2 },
            "end": { "line": 86, "column": null }
          },
          { "start": {}, "end": {} }
        ]
      },
      "9": {
        "loc": {
          "start": { "line": 76, "column": 4 },
          "end": { "line": 85, "column": null }
        },
        "type": "if",
        "locations": [
          {
            "start": { "line": 76, "column": 4 },
            "end": { "line": 85, "column": null }
          },
          { "start": {}, "end": {} }
        ]
      },
      "10": {
        "loc": {
          "start": { "line": 88, "column": 2 },
          "end": { "line": 97, "column": null }
        },
        "type": "if",
        "locations": [
          {
            "start": { "line": 88, "column": 2 },
            "end": { "line": 97, "column": null }
          },
          { "start": {}, "end": {} }
        ]
      },
      "11": {
        "loc": {
          "start": { "line": 99, "column": 2 },
          "end": { "line": 107, "column": null }
        },
        "type": "if",
        "locations": [
          {
            "start": { "line": 99, "column": 2 },
            "end": { "line": 107, "column": null }
          },
          { "start": {}, "end": {} }
        ]
      },
      "12": {
        "loc": {
          "start": { "line": 109, "column": 2 },
          "end": { "line": 125, "column": null }
        },
        "type": "if",
        "locations": [
          {
            "start": { "line": 109, "column": 2 },
            "end": { "line": 125, "column": null }
          },
          { "start": {}, "end": {} }
        ]
      },
      "13": {
        "loc": {
          "start": { "line": 120, "column": 4 },
          "end": { "line": 123, "column": null }
        },
        "type": "if",
        "locations": [
          {
            "start": { "line": 120, "column": 4 },
            "end": { "line": 123, "column": null }
          },
          { "start": {}, "end": {} }
        ]
      },
      "14": {
        "loc": {
          "start": { "line": 129, "column": 2 },
          "end": { "line": 133, "column": null }
        },
        "type": "if",
        "locations": [
          {
            "start": { "line": 129, "column": 2 },
            "end": { "line": 133, "column": null }
          },
          { "start": {}, "end": {} }
        ]
      },
      "15": {
        "loc": {
          "start": { "line": 129, "column": 6 },
          "end": { "line": 129, "column": 29 }
        },
        "type": "binary-expr",
        "locations": [
          {
            "start": { "line": 129, "column": 6 },
            "end": { "line": 129, "column": 15 }
          },
          {
            "start": { "line": 129, "column": 15 },
            "end": { "line": 129, "column": 29 }
          }
        ]
      },
      "16": {
        "loc": {
          "start": { "line": 137, "column": 2 },
          "end": { "line": 142, "column": null }
        },
        "type": "if",
        "locations": [
          {
            "start": { "line": 137, "column": 2 },
            "end": { "line": 142, "column": null }
          },
          { "start": {}, "end": {} }
        ]
      },
      "17": {
        "loc": {
          "start": { "line": 137, "column": 6 },
          "end": { "line": 137, "column": 56 }
        },
        "type": "binary-expr",
        "locations": [
          {
            "start": { "line": 137, "column": 6 },
            "end": { "line": 137, "column": 18 }
          },
          {
            "start": { "line": 137, "column": 18 },
            "end": { "line": 137, "column": 56 }
          }
        ]
      },
      "18": {
        "loc": {
          "start": { "line": 146, "column": 2 },
          "end": { "line": 151, "column": null }
        },
        "type": "if",
        "locations": [
          {
            "start": { "line": 146, "column": 2 },
            "end": { "line": 151, "column": null }
          },
          { "start": {}, "end": {} }
        ]
      }
    },
    "s": {
      "0": 14,
      "1": 22,
      "2": 20,
      "3": 19,
      "4": 19,
      "5": 19,
      "6": 19,
      "7": 0,
      "8": 0,
      "9": 0,
      "10": 19,
      "11": 5,
      "12": 3,
      "13": 2,
      "14": 1,
      "15": 1,
      "16": 0,
      "17": 0,
      "18": 0,
      "19": 0,
      "20": 0,
      "21": 0,
      "22": 0,
      "23": 0,
      "24": 0,
      "25": 0,
      "26": 0,
      "27": 0,
      "28": 0,
      "29": 0,
      "30": 0,
      "31": 0,
      "32": 27,
      "33": 4,
      "34": 23,
      "35": 2,
      "36": 2,
      "37": 1,
      "38": 14
    },
    "f": { "0": 22, "1": 5, "2": 0, "3": 27, "4": 23, "5": 2 },
    "b": {
      "0": [19, 0],
      "1": [0, 19],
      "2": [19, 0],
      "3": [0, 0],
      "4": [0, 0],
      "5": [1, 0],
      "6": [0, 0],
      "7": [0, 0],
      "8": [0, 0],
      "9": [0, 0],
      "10": [0, 0],
      "11": [0, 0],
      "12": [0, 0],
      "13": [0, 0],
      "14": [4, 23],
      "15": [27, 25],
      "16": [2, 21],
      "17": [23, 23],
      "18": [1, 1]
    }
  },
  "/home/eduardo/curso-dev/clone-TabNews/models/migrator.js": {
    "path": "/home/eduardo/curso-dev/clone-TabNews/models/migrator.js",
    "statementMap": {
      "0": {
        "start": { "line": 5, "column": 2 },
        "end": { "line": 12, "column": null }
      },
      "1": {
        "start": { "line": 16, "column": 28 },
        "end": { "line": 16, "column": null }
      },
      "2": {
        "start": { "line": 17, "column": 2 },
        "end": { "line": 17, "column": null }
      },
      "3": {
        "start": { "line": 21, "column": 29 },
        "end": { "line": 24, "column": null }
      },
      "4": {
        "start": { "line": 25, "column": 2 },
        "end": { "line": 25, "column": null }
      },
      "5": {
        "start": { "line": 28, "column": 17 },
        "end": { "line": 31, "column": null }
      }
    },
    "fnMap": {
      "0": {
        "name": "getDefaultMigrationOptions",
        "decl": {
          "start": { "line": 4, "column": 9 },
          "end": { "line": 4, "column": null }
        },
        "loc": {
          "start": { "line": 4, "column": 9 },
          "end": { "line": 13, "column": null }
        }
      },
      "1": {
        "name": "(anonymous_1)",
        "decl": {
          "start": { "line": 10, "column": 9 },
          "end": { "line": 10, "column": 16 }
        },
        "loc": {
          "start": { "line": 10, "column": 9 },
          "end": { "line": 10, "column": null }
        }
      },
      "2": {
        "name": "listPendingMigrations",
        "decl": {
          "start": { "line": 15, "column": 15 },
          "end": { "line": 15, "column": null }
        },
        "loc": {
          "start": { "line": 15, "column": 15 },
          "end": { "line": 18, "column": null }
        }
      },
      "3": {
        "name": "runPendingMigrations",
        "decl": {
          "start": { "line": 20, "column": 15 },
          "end": { "line": 20, "column": null }
        },
        "loc": {
          "start": { "line": 20, "column": 15 },
          "end": { "line": 26, "column": null }
        }
      }
    },
    "branchMap": {},
    "s": { "0": 10, "1": 0, "2": 0, "3": 10, "4": 10, "5": 13 },
    "f": { "0": 10, "1": 90, "2": 0, "3": 10 },
    "b": {}
  },
  "/home/eduardo/curso-dev/clone-TabNews/models/password.js": {
    "path": "/home/eduardo/curso-dev/clone-TabNews/models/password.js",
    "statementMap": {
      "0": {
        "start": { "line": 4, "column": 17 },
        "end": { "line": 4, "column": null }
      },
      "1": {
        "start": { "line": 5, "column": 2 },
        "end": { "line": 5, "column": null }
      },
      "2": {
        "start": { "line": 9, "column": 2 },
        "end": { "line": 9, "column": null }
      },
      "3": {
        "start": { "line": 13, "column": 2 },
        "end": { "line": 13, "column": null }
      },
      "4": {
        "start": { "line": 16, "column": 17 },
        "end": { "line": 19, "column": null }
      }
    },
    "fnMap": {
      "0": {
        "name": "hash",
        "decl": {
          "start": { "line": 3, "column": 15 },
          "end": { "line": 3, "column": 20 }
        },
        "loc": {
          "start": { "line": 3, "column": 28 },
          "end": { "line": 6, "column": null }
        }
      },
      "1": {
        "name": "getNumbersOfRounds",
        "decl": {
          "start": { "line": 8, "column": 9 },
          "end": { "line": 8, "column": null }
        },
        "loc": {
          "start": { "line": 8, "column": 9 },
          "end": { "line": 10, "column": null }
        }
      },
      "2": {
        "name": "compare",
        "decl": {
          "start": { "line": 12, "column": 15 },
          "end": { "line": 12, "column": 23 }
        },
        "loc": {
          "start": { "line": 12, "column": 54 },
          "end": { "line": 14, "column": null }
        }
      }
    },
    "branchMap": {
      "0": {
        "loc": {
          "start": { "line": 9, "column": 9 },
          "end": { "line": 9, "column": null }
        },
        "type": "cond-expr",
        "locations": [
          {
            "start": { "line": 9, "column": 49 },
            "end": { "line": 9, "column": 54 }
          },
          {
            "start": { "line": 9, "column": 54 },
            "end": { "line": 9, "column": null }
          }
        ]
      }
    },
    "s": { "0": 35, "1": 35, "2": 35, "3": 4, "4": 13 },
    "f": { "0": 35, "1": 35, "2": 4 },
    "b": { "0": [0, 35] }
  },
  "/home/eduardo/curso-dev/clone-TabNews/models/session.js": {
    "path": "/home/eduardo/curso-dev/clone-TabNews/models/session.js",
    "statementMap": {
      "0": {
        "start": { "line": 5, "column": 35 },
        "end": { "line": 5, "column": 61 }
      },
      "1": {
        "start": { "line": 8, "column": 23 },
        "end": { "line": 8, "column": null }
      },
      "2": {
        "start": { "line": 9, "column": 2 },
        "end": { "line": 9, "column": null }
      },
      "3": {
        "start": { "line": 12, "column": 19 },
        "end": { "line": 25, "column": null }
      },
      "4": {
        "start": { "line": 27, "column": 4 },
        "end": { "line": 32, "column": null }
      },
      "5": {
        "start": { "line": 28, "column": 6 },
        "end": { "line": 31, "column": null }
      },
      "6": {
        "start": { "line": 33, "column": 4 },
        "end": { "line": 33, "column": null }
      },
      "7": {
        "start": { "line": 38, "column": 16 },
        "end": { "line": 38, "column": null }
      },
      "8": {
        "start": { "line": 39, "column": 21 },
        "end": { "line": 39, "column": null }
      },
      "9": {
        "start": { "line": 40, "column": 21 },
        "end": { "line": 40, "column": null }
      },
      "10": {
        "start": { "line": 41, "column": 2 },
        "end": { "line": 41, "column": null }
      },
      "11": {
        "start": { "line": 44, "column": 20 },
        "end": { "line": 54, "column": null }
      },
      "12": {
        "start": { "line": 55, "column": 4 },
        "end": { "line": 55, "column": null }
      },
      "13": {
        "start": { "line": 60, "column": 21 },
        "end": { "line": 60, "column": null }
      },
      "14": {
        "start": { "line": 61, "column": 31 },
        "end": { "line": 61, "column": null }
      },
      "15": {
        "start": { "line": 62, "column": 2 },
        "end": { "line": 62, "column": null }
      },
      "16": {
        "start": { "line": 65, "column": 19 },
        "end": { "line": 78, "column": null }
      },
      "17": {
        "start": { "line": 80, "column": 4 },
        "end": { "line": 80, "column": null }
      },
      "18": {
        "start": { "line": 85, "column": 31 },
        "end": { "line": 85, "column": null }
      },
      "19": {
        "start": { "line": 86, "column": 2 },
        "end": { "line": 86, "column": null }
      },
      "20": {
        "start": { "line": 89, "column": 20 },
        "end": { "line": 102, "column": null }
      },
      "21": {
        "start": { "line": 103, "column": 4 },
        "end": { "line": 103, "column": null }
      },
      "22": {
        "start": { "line": 107, "column": 16 },
        "end": { "line": 113, "column": null }
      }
    },
    "fnMap": {
      "0": {
        "name": "findOneValidByToken",
        "decl": {
          "start": { "line": 7, "column": 15 },
          "end": { "line": 7, "column": 35 }
        },
        "loc": {
          "start": { "line": 7, "column": 47 },
          "end": { "line": 35, "column": null }
        }
      },
      "1": {
        "name": "runSelectQuery",
        "decl": {
          "start": { "line": 11, "column": 17 },
          "end": { "line": 11, "column": 32 }
        },
        "loc": {
          "start": { "line": 11, "column": 44 },
          "end": { "line": 34, "column": null }
        }
      },
      "2": {
        "name": "create",
        "decl": {
          "start": { "line": 37, "column": 15 },
          "end": { "line": 37, "column": 22 }
        },
        "loc": {
          "start": { "line": 37, "column": 28 },
          "end": { "line": 57, "column": null }
        }
      },
      "3": {
        "name": "runInsertQuery",
        "decl": {
          "start": { "line": 43, "column": 17 },
          "end": { "line": 43, "column": 32 }
        },
        "loc": {
          "start": { "line": 43, "column": 57 },
          "end": { "line": 56, "column": null }
        }
      },
      "4": {
        "name": "renew",
        "decl": {
          "start": { "line": 59, "column": 15 },
          "end": { "line": 59, "column": 21 }
        },
        "loc": {
          "start": { "line": 59, "column": 30 },
          "end": { "line": 82, "column": null }
        }
      },
      "5": {
        "name": "runUpdateQuery",
        "decl": {
          "start": { "line": 64, "column": 17 },
          "end": { "line": 64, "column": 32 }
        },
        "loc": {
          "start": { "line": 64, "column": 53 },
          "end": { "line": 81, "column": null }
        }
      },
      "6": {
        "name": "expireById",
        "decl": {
          "start": { "line": 84, "column": 15 },
          "end": { "line": 84, "column": 26 }
        },
        "loc": {
          "start": { "line": 84, "column": 35 },
          "end": { "line": 105, "column": null }
        }
      },
      "7": {
        "name": "runUpdateQuery",
        "decl": {
          "start": { "line": 88, "column": 17 },
          "end": { "line": 88, "column": 32 }
        },
        "loc": {
          "start": { "line": 88, "column": 41 },
          "end": { "line": 104, "column": null }
        }
      }
    },
    "branchMap": {
      "0": {
        "loc": {
          "start": { "line": 27, "column": 4 },
          "end": { "line": 32, "column": null }
        },
        "type": "if",
        "locations": [
          {
            "start": { "line": 27, "column": 4 },
            "end": { "line": 32, "column": null }
          },
          { "start": {}, "end": {} }
        ]
      }
    },
    "s": {
      "0": 13,
      "1": 1,
      "2": 1,
      "3": 1,
      "4": 1,
      "5": 0,
      "6": 1,
      "7": 19,
      "8": 19,
      "9": 19,
      "10": 19,
      "11": 19,
      "12": 19,
      "13": 0,
      "14": 0,
      "15": 0,
      "16": 0,
      "17": 0,
      "18": 0,
      "19": 0,
      "20": 0,
      "21": 0,
      "22": 13
    },
    "f": { "0": 1, "1": 1, "2": 19, "3": 19, "4": 0, "5": 0, "6": 0, "7": 0 },
    "b": { "0": [0, 1] }
  },
  "/home/eduardo/curso-dev/clone-TabNews/models/user.js": {
    "path": "/home/eduardo/curso-dev/clone-TabNews/models/user.js",
    "statementMap": {
      "0": {
        "start": { "line": 6, "column": 20 },
        "end": { "line": 6, "column": null }
      },
      "1": {
        "start": { "line": 8, "column": 2 },
        "end": { "line": 8, "column": null }
      },
      "2": {
        "start": { "line": 11, "column": 19 },
        "end": { "line": 23, "column": null }
      },
      "3": {
        "start": { "line": 25, "column": 4 },
        "end": { "line": 30, "column": null }
      },
      "4": {
        "start": { "line": 26, "column": 6 },
        "end": { "line": 29, "column": null }
      },
      "5": {
        "start": { "line": 32, "column": 4 },
        "end": { "line": 32, "column": null }
      },
      "6": {
        "start": { "line": 36, "column": 20 },
        "end": { "line": 36, "column": null }
      },
      "7": {
        "start": { "line": 38, "column": 2 },
        "end": { "line": 38, "column": null }
      },
      "8": {
        "start": { "line": 41, "column": 19 },
        "end": { "line": 53, "column": null }
      },
      "9": {
        "start": { "line": 55, "column": 4 },
        "end": { "line": 60, "column": null }
      },
      "10": {
        "start": { "line": 56, "column": 6 },
        "end": { "line": 59, "column": null }
      },
      "11": {
        "start": { "line": 62, "column": 4 },
        "end": { "line": 62, "column": null }
      },
      "12": {
        "start": { "line": 67, "column": 20 },
        "end": { "line": 67, "column": null }
      },
      "13": {
        "start": { "line": 69, "column": 2 },
        "end": { "line": 69, "column": null }
      },
      "14": {
        "start": { "line": 72, "column": 19 },
        "end": { "line": 84, "column": null }
      },
      "15": {
        "start": { "line": 86, "column": 4 },
        "end": { "line": 91, "column": null }
      },
      "16": {
        "start": { "line": 87, "column": 6 },
        "end": { "line": 90, "column": null }
      },
      "17": {
        "start": { "line": 93, "column": 4 },
        "end": { "line": 93, "column": null }
      },
      "18": {
        "start": { "line": 98, "column": 2 },
        "end": { "line": 98, "column": null }
      },
      "19": {
        "start": { "line": 99, "column": 2 },
        "end": { "line": 99, "column": null }
      },
      "20": {
        "start": { "line": 100, "column": 2 },
        "end": { "line": 100, "column": null }
      },
      "21": {
        "start": { "line": 101, "column": 2 },
        "end": { "line": 101, "column": null }
      },
      "22": {
        "start": { "line": 103, "column": 18 },
        "end": { "line": 103, "column": null }
      },
      "23": {
        "start": { "line": 104, "column": 2 },
        "end": { "line": 104, "column": null }
      },
      "24": {
        "start": { "line": 107, "column": 19 },
        "end": { "line": 122, "column": null }
      },
      "25": {
        "start": { "line": 123, "column": 4 },
        "end": { "line": 123, "column": null }
      },
      "26": {
        "start": { "line": 127, "column": 4 },
        "end": { "line": 127, "column": null }
      },
      "27": {
        "start": { "line": 132, "column": 22 },
        "end": { "line": 132, "column": null }
      },
      "28": {
        "start": { "line": 134, "column": 2 },
        "end": { "line": 136, "column": null }
      },
      "29": {
        "start": { "line": 135, "column": 4 },
        "end": { "line": 135, "column": null }
      },
      "30": {
        "start": { "line": 138, "column": 2 },
        "end": { "line": 140, "column": null }
      },
      "31": {
        "start": { "line": 139, "column": 4 },
        "end": { "line": 139, "column": null }
      },
      "32": {
        "start": { "line": 142, "column": 2 },
        "end": { "line": 144, "column": null }
      },
      "33": {
        "start": { "line": 143, "column": 4 },
        "end": { "line": 143, "column": null }
      },
      "34": {
        "start": { "line": 145, "column": 28 },
        "end": { "line": 145, "column": null }
      },
      "35": {
        "start": { "line": 147, "column": 22 },
        "end": { "line": 147, "column": null }
      },
      "36": {
        "start": { "line": 148, "column": 2 },
        "end": { "line": 148, "column": null }
      },
      "37": {
        "start": { "line": 151, "column": 20 },
        "end": { "line": 171, "column": null }
      },
      "38": {
        "start": { "line": 173, "column": 4 },
        "end": { "line": 173, "column": null }
      },
      "39": {
        "start": { "line": 178, "column": 17 },
        "end": { "line": 188, "column": null }
      },
      "40": {
        "start": { "line": 190, "column": 2 },
        "end": { "line": 195, "column": null }
      },
      "41": {
        "start": { "line": 191, "column": 4 },
        "end": { "line": 194, "column": null }
      },
      "42": {
        "start": { "line": 199, "column": 17 },
        "end": { "line": 209, "column": null }
      },
      "43": {
        "start": { "line": 211, "column": 2 },
        "end": { "line": 216, "column": null }
      },
      "44": {
        "start": { "line": 212, "column": 4 },
        "end": { "line": 215, "column": null }
      },
      "45": {
        "start": { "line": 220, "column": 25 },
        "end": { "line": 220, "column": null }
      },
      "46": {
        "start": { "line": 221, "column": 2 },
        "end": { "line": 221, "column": null }
      },
      "47": {
        "start": { "line": 225, "column": 21 },
        "end": { "line": 225, "column": null }
      },
      "48": {
        "start": { "line": 226, "column": 2 },
        "end": { "line": 226, "column": null }
      },
      "49": {
        "start": { "line": 229, "column": 20 },
        "end": { "line": 242, "column": null }
      },
      "50": {
        "start": { "line": 244, "column": 4 },
        "end": { "line": 244, "column": null }
      },
      "51": {
        "start": { "line": 249, "column": 21 },
        "end": { "line": 249, "column": null }
      },
      "52": {
        "start": { "line": 250, "column": 2 },
        "end": { "line": 250, "column": null }
      },
      "53": {
        "start": { "line": 253, "column": 20 },
        "end": { "line": 266, "column": null }
      },
      "54": {
        "start": { "line": 268, "column": 4 },
        "end": { "line": 268, "column": null }
      },
      "55": {
        "start": { "line": 272, "column": 13 },
        "end": { "line": 280, "column": null }
      }
    },
    "fnMap": {
      "0": {
        "name": "findOneById",
        "decl": {
          "start": { "line": 5, "column": 15 },
          "end": { "line": 5, "column": 27 }
        },
        "loc": {
          "start": { "line": 5, "column": 29 },
          "end": { "line": 34, "column": null }
        }
      },
      "1": {
        "name": "runSelectorQuery",
        "decl": {
          "start": { "line": 10, "column": 17 },
          "end": { "line": 10, "column": 34 }
        },
        "loc": {
          "start": { "line": 10, "column": 36 },
          "end": { "line": 33, "column": null }
        }
      },
      "2": {
        "name": "findOneByUsername",
        "decl": {
          "start": { "line": 35, "column": 15 },
          "end": { "line": 35, "column": 33 }
        },
        "loc": {
          "start": { "line": 35, "column": 41 },
          "end": { "line": 64, "column": null }
        }
      },
      "3": {
        "name": "runSelectorQuery",
        "decl": {
          "start": { "line": 40, "column": 17 },
          "end": { "line": 40, "column": 34 }
        },
        "loc": {
          "start": { "line": 40, "column": 42 },
          "end": { "line": 63, "column": null }
        }
      },
      "4": {
        "name": "findOneByEmail",
        "decl": {
          "start": { "line": 66, "column": 15 },
          "end": { "line": 66, "column": 30 }
        },
        "loc": {
          "start": { "line": 66, "column": 35 },
          "end": { "line": 95, "column": null }
        }
      },
[...]
        "end": { "line": 11, "column": null }
      },
      "4": {
        "start": { "line": 16, "column": 26 },
        "end": { "line": 16, "column": 46 }
      },
      "5": {
        "start": { "line": 17, "column": 19 },
        "end": { "line": 17, "column": 41 }
      },
      "6": {
        "start": { "line": 18, "column": 20 },
        "end": { "line": 18, "column": null }
      },
      "7": {
        "start": { "line": 19, "column": 29 },
        "end": { "line": 22, "column": null }
      },
      "8": {
        "start": { "line": 25, "column": 2 },
        "end": { "line": 25, "column": null }
      },
      "9": {
        "start": { "line": 29, "column": 19 },
        "end": { "line": 29, "column": 41 }
      },
      "10": {
        "start": { "line": 30, "column": 26 },
        "end": { "line": 30, "column": 38 }
      },
      "11": {
        "start": { "line": 32, "column": 28 },
        "end": { "line": 32, "column": 48 }
      },
      "12": {
        "start": { "line": 33, "column": 21 },
        "end": { "line": 33, "column": null }
      },
      "13": {
        "start": { "line": 35, "column": 2 },
        "end": { "line": 41, "column": null }
      },
      "14": {
        "start": { "line": 36, "column": 4 },
        "end": { "line": 40, "column": null }
      },
      "15": {
        "start": { "line": 43, "column": 22 },
        "end": { "line": 43, "column": null }
      },
      "16": {
        "start": { "line": 44, "column": 29 },
        "end": { "line": 47, "column": null }
      },
      "17": {
        "start": { "line": 49, "column": 2 },
        "end": { "line": 49, "column": null }
      }
    },
    "fnMap": {
      "0": {
        "name": "getHandler",
        "decl": {
          "start": { "line": 15, "column": 15 },
          "end": { "line": 15, "column": 26 }
        },
        "loc": {
          "start": { "line": 15, "column": 43 },
          "end": { "line": 26, "column": null }
        }
      },
      "1": {
        "name": "patchHandler",
        "decl": {
          "start": { "line": 28, "column": 15 },
          "end": { "line": 28, "column": 28 }
        },
        "loc": {
          "start": { "line": 28, "column": 45 },
          "end": { "line": 50, "column": null }
        }
      }
    },
    "branchMap": {
      "0": {
        "loc": {
          "start": { "line": 35, "column": 2 },
          "end": { "line": 41, "column": null }
        },
        "type": "if",
        "locations": [
          {
            "start": { "line": 35, "column": 2 },
            "end": { "line": 41, "column": null }
          },
          { "start": {}, "end": {} }
        ]
      }
    },
    "s": {
      "0": 0,
      "1": 0,
      "2": 0,
      "3": 0,
      "4": 0,
      "5": 0,
      "6": 0,
      "7": 0,
      "8": 0,
      "9": 0,
      "10": 0,
      "11": 0,
      "12": 0,
      "13": 0,
      "14": 0,
      "15": 0,
      "16": 0,
      "17": 0
    },
    "f": { "0": 0, "1": 0 },
    "b": { "0": [0, 0] }
  },
  "/home/eduardo/curso-dev/clone-TabNews/pages/status/index.js": {
    "path": "/home/eduardo/curso-dev/clone-TabNews/pages/status/index.js",
    "statementMap": {
      "0": {
        "start": { "line": 4, "column": 19 },
        "end": { "line": 4, "column": null }
      },
      "1": {
        "start": { "line": 5, "column": 23 },
        "end": { "line": 5, "column": null }
      },
      "2": {
        "start": { "line": 6, "column": 2 },
        "end": { "line": 6, "column": null }
      },
      "3": {
        "start": { "line": 20, "column": 30 },
        "end": { "line": 22, "column": null }
      },
      "4": {
        "start": { "line": 24, "column": 22 },
        "end": { "line": 24, "column": null }
      },
      "5": {
        "start": { "line": 25, "column": 2 },
        "end": { "line": 27, "column": null }
      },
      "6": {
        "start": { "line": 26, "column": 4 },
        "end": { "line": 26, "column": null }
      },
      "7": {
        "start": { "line": 32, "column": 30 },
        "end": { "line": 34, "column": null }
      },
      "8": {
        "start": { "line": 35, "column": 28 },
        "end": { "line": 35, "column": null }
      },
      "9": {
        "start": { "line": 36, "column": 35 },
        "end": { "line": 36, "column": null }
      },
      "10": {
        "start": { "line": 37, "column": 38 },
        "end": { "line": 37, "column": null }
      },
      "11": {
        "start": { "line": 38, "column": 2 },
        "end": { "line": 43, "column": null }
      },
      "12": {
        "start": { "line": 39, "column": 4 },
        "end": { "line": 39, "column": null }
      },
      "13": {
        "start": { "line": 40, "column": 4 },
        "end": { "line": 40, "column": null }
      },
      "14": {
        "start": { "line": 41, "column": 4 },
        "end": { "line": 42, "column": null }
      }
    },
    "fnMap": {
      "0": {
        "name": "feathAPI",
        "decl": {
          "start": { "line": 3, "column": 15 },
          "end": { "line": 3, "column": 24 }
        },
        "loc": {
          "start": { "line": 3, "column": 27 },
          "end": { "line": 7, "column": null }
        }
      },
      "1": {
        "name": "StatusPage",
        "decl": {
          "start": { "line": 9, "column": 24 },
          "end": { "line": 9, "column": null }
        },
        "loc": {
          "start": { "line": 9, "column": 24 },
          "end": { "line": 17, "column": null }
        }
      },
      "2": {
        "name": "UpdatedAt",
        "decl": {
          "start": { "line": 19, "column": 9 },
          "end": { "line": 19, "column": null }
        },
        "loc": {
          "start": { "line": 19, "column": 9 },
          "end": { "line": 29, "column": null }
        }
      },
      "3": {
        "name": "Database",
        "decl": {
          "start": { "line": 31, "column": 9 },
          "end": { "line": 31, "column": null }
        },
        "loc": {
          "start": { "line": 31, "column": 9 },
          "end": { "line": 51, "column": null }
        }
      }
    },
    "branchMap": {
      "0": {
        "loc": {
          "start": { "line": 25, "column": 2 },
          "end": { "line": 27, "column": null }
        },
        "type": "if",
        "locations": [
          {
            "start": { "line": 25, "column": 2 },
            "end": { "line": 27, "column": null }
          },
          { "start": {}, "end": {} }
        ]
      },
      "1": {
        "loc": {
          "start": { "line": 25, "column": 6 },
          "end": { "line": 25, "column": 26 }
        },
        "type": "binary-expr",
        "locations": [
          {
            "start": { "line": 25, "column": 6 },
            "end": { "line": 25, "column": 20 }
          },
          {
            "start": { "line": 25, "column": 20 },
            "end": { "line": 25, "column": 26 }
          }
        ]
      },
      "2": {
        "loc": {
          "start": { "line": 38, "column": 2 },
          "end": { "line": 43, "column": null }
        },
        "type": "if",
        "locations": [
          {
            "start": { "line": 38, "column": 2 },
            "end": { "line": 43, "column": null }
          },
          { "start": {}, "end": {} }
        ]
      },
      "3": {
        "loc": {
          "start": { "line": 38, "column": 6 },
          "end": { "line": 38, "column": 26 }
        },
        "type": "binary-expr",
        "locations": [
          {
            "start": { "line": 38, "column": 6 },
            "end": { "line": 38, "column": 20 }
          },
          {
            "start": { "line": 38, "column": 20 },
            "end": { "line": 38, "column": 26 }
          }
        ]
      }
    },
    "s": {
      "0": 0,
      "1": 0,
      "2": 0,
      "3": 0,
      "4": 0,
      "5": 0,
      "6": 0,
      "7": 0,
      "8": 0,
      "9": 0,
      "10": 0,
      "11": 0,
      "12": 0,
      "13": 0,
      "14": 0
    },
    "f": { "0": 0, "1": 0, "2": 0, "3": 0 },
    "b": { "0": [0, 0], "1": [0, 0], "2": [0, 0], "3": [0, 0] }
  },
  "/home/eduardo/curso-dev/clone-TabNews/tests/orchestrator.js": {
    "path": "/home/eduardo/curso-dev/clone-TabNews/tests/orchestrator.js",
    "statementMap": {
      "0": {
        "start": { "line": 9, "column": 21 },
        "end": { "line": 9, "column": 91 }
      },
      "1": {
        "start": { "line": 12, "column": 2 },
        "end": { "line": 12, "column": null }
      },
      "2": {
        "start": { "line": 13, "column": 2 },
        "end": { "line": 13, "column": null }
      },
      "3": {
        "start": { "line": 16, "column": 4 },
        "end": { "line": 19, "column": null }
      },
      "4": {
        "start": { "line": 22, "column": 23 },
        "end": { "line": 22, "column": null }
      },
      "5": {
        "start": { "line": 23, "column": 6 },
        "end": { "line": 25, "column": null }
      },
      "6": {
        "start": { "line": 24, "column": 8 },
        "end": { "line": 24, "column": null }
      },
      "7": {
        "start": { "line": 30, "column": 4 },
        "end": { "line": 33, "column": null }
      },
      "8": {
        "start": { "line": 36, "column": 23 },
        "end": { "line": 36, "column": null }
      },
      "9": {
        "start": { "line": 37, "column": 6 },
        "end": { "line": 39, "column": null }
      },
      "10": {
        "start": { "line": 38, "column": 8 },
        "end": { "line": 38, "column": null }
      },
      "11": {
        "start": { "line": 45, "column": 2 },
        "end": { "line": 45, "column": null }
      },
      "12": {
        "start": { "line": 49, "column": 2 },
        "end": { "line": 49, "column": null }
      },
      "13": {
        "start": { "line": 53, "column": 2 },
        "end": { "line": 58, "column": null }
      },
      "14": {
        "start": { "line": 62, "column": 2 },
        "end": { "line": 62, "column": null }
      },
      "15": {
        "start": { "line": 66, "column": 2 },
        "end": { "line": 68, "column": null }
      },
      "16": {
        "start": { "line": 72, "column": 28 },
        "end": { "line": 72, "column": null }
      },
      "17": {
        "start": { "line": 73, "column": 24 },
        "end": { "line": 73, "column": null }
      },
      "18": {
        "start": { "line": 74, "column": 24 },
        "end": { "line": 74, "column": null }
      },
      "19": {
        "start": { "line": 75, "column": 2 },
        "end": { "line": 75, "column": null }
      },
      "20": {
        "start": { "line": 75, "column": 22 },
        "end": { "line": 75, "column": null }
      },
      "21": {
        "start": { "line": 76, "column": 28 },
        "end": { "line": 77, "column": null }
      },
      "22": {
        "start": { "line": 79, "column": 24 },
        "end": { "line": 79, "column": null }
      },
      "23": {
        "start": { "line": 80, "column": 2 },
        "end": { "line": 80, "column": null }
      },
      "24": {
        "start": { "line": 81, "column": 2 },
        "end": { "line": 81, "column": null }
      },
      "25": {
        "start": { "line": 85, "column": 16 },
        "end": { "line": 85, "column": null }
      },
      "26": {
        "start": { "line": 86, "column": 2 },
        "end": { "line": 86, "column": null }
      },
      "27": {
        "start": { "line": 90, "column": 2 },
        "end": { "line": 90, "column": null }
      },
      "28": {
        "start": { "line": 94, "column": 22 },
        "end": { "line": 94, "column": null }
      },
      "29": {
        "start": { "line": 95, "column": 2 },
        "end": { "line": 95, "column": null }
      },
      "30": {
        "start": { "line": 98, "column": 21 },
        "end": { "line": 109, "column": null }
      }
    },
    "fnMap": {
      "0": {
        "name": "waitForAllServices",
        "decl": {
          "start": { "line": 11, "column": 15 },
          "end": { "line": 11, "column": null }
        },
        "loc": {
          "start": { "line": 11, "column": 15 },
          "end": { "line": 42, "column": null }
        }
      },
      "1": {
        "name": "waitForWebServer",
        "decl": {
          "start": { "line": 15, "column": 17 },
          "end": { "line": 15, "column": null }
        },
        "loc": {
          "start": { "line": 15, "column": 17 },
          "end": { "line": 27, "column": null }
        }
      },
      "2": {
        "name": "fetchStatusPage",
        "decl": {
          "start": { "line": 21, "column": 19 },
          "end": { "line": 21, "column": null }
        },
        "loc": {
          "start": { "line": 21, "column": 19 },
          "end": { "line": 26, "column": null }
        }
      },
      "3": {
        "name": "waitForEmailServer",
        "decl": {
          "start": { "line": 29, "column": 17 },
          "end": { "line": 29, "column": null }
        },
        "loc": {
          "start": { "line": 29, "column": 17 },
          "end": { "line": 41, "column": null }
        }
      },
      "4": {
        "name": "fetchEmailPage",
        "decl": {
          "start": { "line": 35, "column": 19 },
          "end": { "line": 35, "column": null }
        },
        "loc": {
          "start": { "line": 35, "column": 19 },
          "end": { "line": 40, "column": null }
        }
      },
      "5": {
        "name": "clearDatabase",
        "decl": {
          "start": { "line": 44, "column": 15 },
          "end": { "line": 44, "column": null }
        },
        "loc": {
          "start": { "line": 44, "column": 15 },
          "end": { "line": 46, "column": null }
        }
      },
      "6": {
        "name": "runPendingMigrations",
        "decl": {
          "start": { "line": 48, "column": 15 },
          "end": { "line": 48, "column": null }
        },
        "loc": {
          "start": { "line": 48, "column": 15 },
          "end": { "line": 50, "column": null }
        }
      },
      "7": {
        "name": "createUser",
        "decl": {
          "start": { "line": 52, "column": 15 },
          "end": { "line": 52, "column": 26 }
        },
        "loc": {
          "start": { "line": 52, "column": 36 },
          "end": { "line": 59, "column": null }
        }
      },
      "8": {
        "name": "createSession",
        "decl": {
          "start": { "line": 61, "column": 15 },
          "end": { "line": 61, "column": 29 }
        },
        "loc": {
          "start": { "line": 61, "column": 35 },
          "end": { "line": 63, "column": null }
        }
      },
      "9": {
        "name": "deleteAllEmails",
        "decl": {
          "start": { "line": 65, "column": 15 },
          "end": { "line": 65, "column": null }
        },
        "loc": {
          "start": { "line": 65, "column": 15 },
          "end": { "line": 69, "column": null }
        }
      },
      "10": {
        "name": "getLastEmail",
        "decl": {
          "start": { "line": 71, "column": 15 },
          "end": { "line": 71, "column": null }
        },
        "loc": {
          "start": { "line": 71, "column": 15 },
          "end": { "line": 82, "column": null }
        }
      },
      "11": {
        "name": "extractUUID",
        "decl": {
          "start": { "line": 84, "column": 9 },
          "end": { "line": 84, "column": 21 }
        },
        "loc": {
          "start": { "line": 84, "column": 25 },
          "end": { "line": 87, "column": null }
        }
      },
      "12": {
        "name": "activateUser",
        "decl": {
          "start": { "line": 89, "column": 15 },
          "end": { "line": 89, "column": 28 }
        },
        "loc": {
          "start": { "line": 89, "column": 40 },
          "end": { "line": 91, "column": null }
        }
      },
      "13": {
        "name": "addFeaturesToUser",
        "decl": {
          "start": { "line": 93, "column": 15 },
          "end": { "line": 93, "column": 33 }
        },
        "loc": {
          "start": { "line": 93, "column": 53 },
          "end": { "line": 96, "column": null }
        }
      }
    },
    "branchMap": {
      "0": {
        "loc": {
          "start": { "line": 23, "column": 6 },
          "end": { "line": 25, "column": null }
        },
        "type": "if",
        "locations": [
          {
            "start": { "line": 23, "column": 6 },
            "end": { "line": 25, "column": null }
          },
          { "start": {}, "end": {} }
        ]
      },
      "1": {
        "loc": {
          "start": { "line": 37, "column": 6 },
          "end": { "line": 39, "column": null }
        },
        "type": "if",
        "locations": [
          {
            "start": { "line": 37, "column": 6 },
            "end": { "line": 39, "column": null }
          },
          { "start": {}, "end": {} }
        ]
      },
      "2": {
        "loc": {
          "start": { "line": 55, "column": 6 },
          "end": { "line": 55, "column": null }
        },
        "type": "binary-expr",
        "locations": [
          {
            "start": { "line": 55, "column": 6 },
            "end": { "line": 55, "column": 30 }
          },
          {
            "start": { "line": 55, "column": 30 },
            "end": { "line": 55, "column": null }
          }
        ]
      },
      "3": {
        "loc": {
          "start": { "line": 56, "column": 11 },
          "end": { "line": 56, "column": null }
        },
        "type": "binary-expr",
        "locations": [
          {
            "start": { "line": 56, "column": 11 },
            "end": { "line": 56, "column": 32 }
          },
          {
            "start": { "line": 56, "column": 32 },
            "end": { "line": 56, "column": null }
          }
        ]
      },
      "4": {
        "loc": {
          "start": { "line": 57, "column": 14 },
          "end": { "line": 57, "column": null }
        },
        "type": "binary-expr",
        "locations": [
          {
            "start": { "line": 57, "column": 14 },
            "end": { "line": 57, "column": 38 }
          },
          {
            "start": { "line": 57, "column": 38 },
            "end": { "line": 57, "column": null }
          }
        ]
      },
      "5": {
        "loc": {
          "start": { "line": 75, "column": 2 },
          "end": { "line": 75, "column": null }
        },
        "type": "if",
        "locations": [
          {
            "start": { "line": 75, "column": 2 },
            "end": { "line": 75, "column": null }
          },
          { "start": {}, "end": {} }
        ]
      },
      "6": {
        "loc": {
          "start": { "line": 86, "column": 9 },
          "end": { "line": 86, "column": null }
        },
        "type": "cond-expr",
        "locations": [
          {
            "start": { "line": 86, "column": 17 },
            "end": { "line": 86, "column": 25 }
          },
          {
            "start": { "line": 86, "column": 28 },
            "end": { "line": 86, "column": null }
          }
        ]
      }
    },
    "s": {
      "0": 13,
      "1": 13,
      "2": 13,
      "3": 13,
      "4": 13,
      "5": 13,
      "6": 0,
      "7": 13,
      "8": 13,
      "9": 13,
      "10": 0,
      "11": 11,
      "12": 10,
      "13": 35,
      "14": 19,
      "15": 2,
      "16": 2,
      "17": 2,
      "18": 2,
      "19": 2,
      "20": 0,
      "21": 2,
      "22": 2,
      "23": 2,
      "24": 2,
      "25": 1,
      "26": 1,
      "27": 18,
      "28": 4,
      "29": 4,
      "30": 13
    },
    "f": {
      "0": 13,
      "1": 13,
      "2": 13,
      "3": 13,
      "4": 13,
      "5": 11,
      "6": 10,
      "7": 35,
      "8": 19,
      "9": 2,
      "10": 2,
      "11": 1,
      "12": 18,
      "13": 4
    },
    "b": {
      "0": [0, 13],
      "1": [0, 13],
      "2": [35, 27],
      "3": [35, 30],
      "4": [35, 32],
      "5": [0, 2],
      "6": [1, 0]
    }
  }
}
