TN:
SF:infra/controller.js
FN:14,onErrorHandler
FN:35,onNoMatchHandler
FN:42,clearSessionCookie
FN:52,setSessionCookie
FN:62,injectAnonymousOrUser
FN:71,injectAnonymousUser
FN:81,injectAuthenticatedUser
FN:92,canRequest
FN:93,canRequestMiddleware
FNF:9
FNH:0
FNDA:0,onErrorHandler
FNDA:0,onNoMatchHandler
FNDA:0,clearSessionCookie
FNDA:0,setSessionCookie
FNDA:0,injectAnonymousOrUser
FNDA:0,injectAnonymousUser
FNDA:0,injectAuthenticatedUser
FNDA:0,canRequest
FNDA:0,canRequestMiddleware
DA:15,0
DA:20,0
DA:23,0
DA:24,0
DA:25,0
DA:27,0
DA:31,0
DA:32,0
DA:36,0
DA:37,0
DA:43,0
DA:49,0
DA:53,0
DA:59,0
DA:63,0
DA:64,0
DA:65,0
DA:67,0
DA:68,0
DA:72,0
DA:75,0
DA:82,0
DA:83,0
DA:84,0
DA:86,0
DA:93,0
DA:94,0
DA:96,0
DA:97,0
DA:100,0
DA:107,0
LF:31
LH:0
BRDA:15,0,0,0
BRDA:15,0,1,0
BRDA:16,1,0,0
BRDA:16,1,1,0
BRDA:16,1,2,0
BRDA:23,2,0,0
BRDA:23,2,1,0
BRDA:63,3,0,0
BRDA:63,3,1,0
BRDA:96,4,0,0
BRDA:96,4,1,0
BRF:11
BRH:0
end_of_record
TN:
SF:infra/database.js
FN:4,query
FN:21,getNewClient
FNF:2
FNH:2
FNDA:186,query
FNDA:186,getNewClient
DA:6,186
DA:7,186
DA:8,186
DA:9,186
DA:11,0
DA:15,0
DA:17,186
DA:22,186
DA:29,186
DA:30,186
DA:33,13
LF:11
LH:9
BRF:0
BRH:0
end_of_record
TN:
SF:infra/email.js
FN:13,send
FNF:1
FNH:1
FNDA:2,send
DA:3,13
DA:14,2
DA:17,13
LF:3
LH:3
BRDA:10,0,0,0
BRDA:10,0,1,13
BRF:2
BRH:1
end_of_record
TN:
SF:infra/errors.js
FN:2,(anonymous_0)
FN:10,(anonymous_1)
FN:21,(anonymous_2)
FN:29,(anonymous_3)
FN:40,(anonymous_4)
FN:50,(anonymous_5)
FN:61,(anonymous_6)
FN:69,(anonymous_7)
FN:80,(anonymous_8)
FN:89,(anonymous_9)
FN:99,(anonymous_10)
FN:107,(anonymous_11)
FN:117,(anonymous_12)
FN:123,(anonymous_13)
FNF:14
FNH:1
FNDA:7,(anonymous_0)
FNDA:0,(anonymous_1)
FNDA:0,(anonymous_2)
FNDA:0,(anonymous_3)
FNDA:0,(anonymous_4)
FNDA:0,(anonymous_5)
FNDA:0,(anonymous_6)
FNDA:0,(anonymous_7)
FNDA:0,(anonymous_8)
FNDA:0,(anonymous_9)
FNDA:0,(anonymous_10)
FNDA:0,(anonymous_11)
FNDA:0,(anonymous_12)
FNDA:0,(anonymous_13)
DA:3,7
DA:6,7
DA:7,7
DA:8,7
DA:11,0
DA:22,0
DA:25,0
DA:26,0
DA:27,0
DA:30,0
DA:41,0
DA:44,0
DA:45,0
DA:48,0
DA:51,0
DA:62,0
DA:65,0
DA:66,0
DA:67,0
DA:70,0
DA:81,0
DA:84,0
DA:85,0
DA:87,0
DA:90,0
DA:100,0
DA:103,0
DA:104,0
DA:105,0
DA:108,0
DA:118,0
DA:119,0
DA:120,0
DA:121,0
DA:124,0
LF:35
LH:4
BRDA:8,0,0,7
BRDA:8,0,1,7
BRDA:22,1,0,0
BRDA:22,1,1,0
BRDA:41,2,0,0
BRDA:41,2,1,0
BRDA:46,3,0,0
BRDA:46,3,1,0
BRDA:62,4,0,0
BRDA:62,4,1,0
BRDA:66,5,0,0
BRDA:66,5,1,0
BRDA:81,6,0,0
BRDA:81,6,1,0
BRDA:86,7,0,0
BRDA:86,7,1,0
BRDA:100,8,0,0
BRDA:100,8,1,0
BRDA:104,9,0,0
BRDA:104,9,1,0
BRF:20
BRH:2
end_of_record
TN:
SF:infra/webserver.js
FN:1,getOrigin
FNF:1
FNH:1
FNDA:13,getOrigin
DA:2,13
DA:3,13
DA:6,0
DA:7,0
DA:10,0
DA:13,13
LF:6
LH:3
BRDA:2,0,0,13
BRDA:2,0,1,0
BRDA:6,1,0,0
BRDA:6,1,1,0
BRF:4
BRH:1
end_of_record
TN:
SF:infra/migrations/1752880721330_create-users.js
FN:1,(anonymous_0)
FNF:1
FNH:1
FNDA:10,(anonymous_0)
DA:1,10
DA:2,10
DA:35,10
LF:3
LH:3
BRF:0
BRH:0
end_of_record
TN:
SF:infra/migrations/1753532977749_create-sessions.js
FN:1,(anonymous_0)
FNF:1
FNH:1
FNDA:10,(anonymous_0)
DA:1,10
DA:2,10
DA:34,10
LF:3
LH:3
BRF:0
BRH:0
end_of_record
TN:
SF:infra/migrations/1758406328607_add-features-to-users.js
FN:1,(anonymous_0)
FNF:1
FNH:1
FNDA:10,(anonymous_0)
DA:1,10
DA:2,10
DA:11,10
LF:3
LH:3
BRF:0
BRH:0
end_of_record
TN:
SF:infra/migrations/1760570736154_create-user-actvitation-tokens.js
FN:1,(anonymous_0)
FNF:1
FNH:1
FNDA:10,(anonymous_0)
DA:1,10
DA:2,10
DA:38,10
LF:3
LH:3
BRF:0
BRH:0
end_of_record
TN:
SF:infra/scripts/wait-for-postgres.js
FN:3,checkPostgres
FN:6,handleReturn
FNF:2
FNH:0
FNDA:0,checkPostgres
FNDA:0,handleReturn
DA:4,0
DA:7,0
DA:8,0
DA:9,0
DA:10,0
DA:12,0
DA:16,0
DA:17,0
LF:8
LH:0
BRDA:7,0,0,0
BRDA:7,0,1,0
BRF:2
BRH:0
end_of_record
TN:
SF:models/activation.js
FN:10,findOneValidById
FN:14,runSelectQuery
FN:42,create
FN:47,runInsertQuery
FN:64,sendEmailToUser
FN:78,markTokenAsUsed
FN:82,runUpdateQuery
FN:101,activatedUserByUserId
FNF:8
FNH:5
FNDA:1,findOneValidById
FNDA:1,runSelectQuery
FNDA:5,create
FNDA:5,runInsertQuery
FNDA:0,sendEmailToUser
FNDA:0,markTokenAsUsed
FNDA:0,runUpdateQuery
FNDA:18,activatedUserByUserId
DA:8,13
DA:11,1
DA:12,1
DA:15,1
DA:31,1
DA:32,0
DA:38,1
DA:43,5
DA:44,5
DA:45,5
DA:48,5
DA:60,5
DA:65,0
DA:79,0
DA:80,0
DA:83,0
DA:97,0
DA:102,18
DA:104,18
DA:105,0
DA:110,18
DA:115,18
DA:118,13
LF:23
LH:16
BRDA:31,0,0,0
BRDA:31,0,1,1
BRDA:104,1,0,0
BRDA:104,1,1,18
BRF:4
BRH:2
end_of_record
TN:
SF:models/authentication.js
FN:5,getAuthenticatedUser
FN:20,findUserByEmail
FN:36,validatePassword
FNF:3
FNH:0
FNDA:0,getAuthenticatedUser
FNDA:0,findUserByEmail
FNDA:0,validatePassword
DA:6,0
DA:7,0
DA:8,0
DA:9,0
DA:11,0
DA:12,0
DA:17,0
DA:22,0
DA:23,0
DA:25,0
DA:26,0
DA:31,0
DA:33,0
DA:37,0
DA:42,0
DA:43,0
DA:51,0
LF:17
LH:0
BRDA:11,0,0,0
BRDA:11,0,1,0
BRDA:25,1,0,0
BRDA:25,1,1,0
BRDA:42,2,0,0
BRDA:42,2,1,0
BRF:6
BRH:0
end_of_record
TN:
SF:models/authorizantion.js
FN:27,can
FN:47,filterOutput
FN:100,(anonymous_2)
FN:128,validateUser
FN:136,validateFeature
FN:145,validateResource
FNF:6
FNH:5
FNDA:22,can
FNDA:5,filterOutput
FNDA:0,(anonymous_2)
FNDA:27,validateUser
FNDA:23,validateFeature
FNDA:2,validateResource
DA:3,14
DA:28,22
DA:29,20
DA:30,19
DA:32,19
DA:33,19
DA:36,19
DA:37,0
DA:39,0
DA:40,0
DA:44,19
DA:48,5
DA:49,3
DA:50,2
DA:52,1
DA:53,1
DA:62,0
DA:63,0
DA:64,0
DA:75,0
DA:76,0
DA:77,0
DA:88,0
DA:89,0
DA:99,0
DA:100,0
DA:101,0
DA:109,0
DA:110,0
DA:120,0
DA:121,0
DA:124,0
DA:129,27
DA:130,4
DA:137,23
DA:138,2
DA:146,2
DA:147,1
DA:154,14
LF:39
LH:20
BRDA:32,0,0,19
BRDA:32,0,1,0
BRDA:36,1,0,0
BRDA:36,1,1,19
BRDA:36,2,0,19
BRDA:36,2,1,0
BRDA:39,3,0,0
BRDA:39,3,1,0
BRDA:39,4,0,0
BRDA:39,4,1,0
BRDA:52,5,0,1
BRDA:52,5,1,0
BRDA:62,6,0,0
BRDA:62,6,1,0
BRDA:63,7,0,0
BRDA:63,7,1,0
BRDA:75,8,0,0
BRDA:75,8,1,0
BRDA:76,9,0,0
BRDA:76,9,1,0
BRDA:88,10,0,0
BRDA:88,10,1,0
BRDA:99,11,0,0
BRDA:99,11,1,0
BRDA:109,12,0,0
BRDA:109,12,1,0
BRDA:120,13,0,0
BRDA:120,13,1,0
BRDA:129,14,0,4
BRDA:129,14,1,23
BRDA:129,15,0,27
BRDA:129,15,1,25
BRDA:137,16,0,2
BRDA:137,16,1,21
BRDA:137,17,0,23
BRDA:137,17,1,23
BRDA:146,18,0,1
BRDA:146,18,1,1
BRF:38
BRH:14
end_of_record
TN:
SF:models/migrator.js
FN:4,getDefaultMigrationOptions
FN:10,(anonymous_1)
FN:15,listPendingMigrations
FN:20,runPendingMigrations
FNF:4
FNH:3
FNDA:10,getDefaultMigrationOptions
FNDA:90,(anonymous_1)
FNDA:0,listPendingMigrations
FNDA:10,runPendingMigrations
DA:5,10
DA:16,0
DA:17,0
DA:21,10
DA:25,10
DA:28,13
LF:6
LH:4
BRF:0
BRH:0
end_of_record
TN:
SF:models/password.js
FN:3,hash
FN:8,getNumbersOfRounds
FN:12,compare
FNF:3
FNH:3
FNDA:35,hash
FNDA:35,getNumbersOfRounds
FNDA:4,compare
DA:4,35
DA:5,35
DA:9,35
DA:13,4
DA:16,13
LF:5
LH:5
BRDA:9,0,0,0
BRDA:9,0,1,35
BRF:2
BRH:1
end_of_record
TN:
SF:models/session.js
FN:7,findOneValidByToken
FN:11,runSelectQuery
FN:37,create
FN:43,runInsertQuery
FN:59,renew
FN:64,runUpdateQuery
FN:84,expireById
FN:88,runUpdateQuery
FNF:8
FNH:4
FNDA:1,findOneValidByToken
FNDA:1,runSelectQuery
FNDA:19,create
FNDA:19,runInsertQuery
FNDA:0,renew
FNDA:0,runUpdateQuery
FNDA:0,expireById
FNDA:0,runUpdateQuery
DA:5,13
DA:8,1
DA:9,1
DA:12,1
DA:27,1
DA:28,0
DA:33,1
DA:38,19
DA:39,19
DA:40,19
DA:41,19
DA:44,19
DA:55,19
DA:60,0
DA:61,0
DA:62,0
DA:65,0
DA:80,0
DA:85,0
DA:86,0
DA:89,0
DA:103,0
DA:107,13
LF:23
LH:13
BRDA:27,0,0,0
BRDA:27,0,1,1
BRF:2
BRH:1
end_of_record
TN:
SF:models/user.js
FN:5,findOneById
FN:10,runSelectorQuery
FN:35,findOneByUsername
FN:40,runSelectorQuery
FN:66,findOneByEmail
FN:71,runSelectorQuery
FN:97,create
FN:106,runInsertQuery
FN:126,injectDeafaultFeaturesInObject
FN:131,update
FN:150,runUpdateQuery
FN:177,validateUniqueUsername
FN:198,validateUniqueEmail
FN:219,hashPasswordInObject
FN:224,setFeatures
FN:228,runUpdateQuery
FN:248,addFeatures
FN:252,runUpdateQuery
FNF:18
FNH:14
FNDA:19,findOneById
FNDA:19,runSelectorQuery
FNDA:3,findOneByUsername
FNDA:3,runSelectorQuery
FNDA:0,findOneByEmail
FNDA:0,runSelectorQuery
FNDA:35,create
FNDA:35,runInsertQuery
FNDA:35,injectDeafaultFeaturesInObject
FNDA:0,update
FNDA:0,runUpdateQuery
FNDA:35,validateUniqueUsername
FNDA:35,validateUniqueEmail
FNDA:35,hashPasswordInObject
FNDA:18,setFeatures
FNDA:18,runUpdateQuery
FNDA:4,addFeatures
FNDA:4,runUpdateQuery
DA:6,19
DA:8,19
DA:11,19
DA:25,19
DA:26,0
DA:32,19
DA:36,3
DA:38,3
DA:41,3
DA:55,3
DA:56,0
DA:62,3
DA:67,0
DA:69,0
DA:72,0
DA:86,0
DA:87,0
DA:93,0
DA:98,35
DA:99,35
DA:100,35
DA:101,35
DA:103,35
DA:104,35
DA:107,35
DA:123,35
DA:127,35
DA:132,0
DA:134,0
DA:135,0
DA:138,0
DA:139,0
DA:142,0
DA:143,0
DA:145,0
DA:147,0
DA:148,0
DA:151,0
DA:173,0
DA:178,35
DA:190,35
DA:191,0
DA:199,35
DA:211,35
DA:212,0
DA:220,35
DA:221,35
DA:225,18
DA:226,18
DA:229,18
DA:244,18
DA:249,4
DA:250,4
DA:253,4
DA:268,4
DA:272,13
LF:56
LH:34
BRDA:25,0,0,0
BRDA:25,0,1,19
BRDA:55,1,0,0
BRDA:55,1,1,3
BRDA:86,2,0,0
BRDA:86,2,1,0
BRDA:134,3,0,0
BRDA:134,3,1,0
BRDA:138,4,0,0
BRDA:138,4,1,0
BRDA:142,5,0,0
BRDA:142,5,1,0
BRDA:190,6,0,0
BRDA:190,6,1,35
BRDA:211,7,0,0
BRDA:211,7,1,35
BRF:16
BRH:4
end_of_record
TN:
SF:pages/index.js
FN:1,Home
FNF:1
FNH:0
FNDA:0,Home
LF:0
LH:0
BRF:0
BRH:0
end_of_record
TN:
SF:pages/api/v1/activations/[token_id]/index.js
FN:12,patchHandler
FNF:1
FNH:0
FNDA:0,patchHandler
DA:6,0
DA:7,0
DA:8,0
DA:13,0
DA:14,0
DA:17,0
DA:19,0
DA:22,0
DA:24,0
DA:30,0
LF:10
LH:0
BRF:0
BRH:0
end_of_record
TN:
SF:pages/api/v1/migrations/index.js
FN:14,getHandler
FN:26,postHandler
FNF:2
FNH:0
FNDA:0,getHandler
FNDA:0,postHandler
DA:6,0
DA:8,0
DA:9,0
DA:10,0
DA:15,0
DA:16,0
DA:18,0
DA:23,0
DA:27,0
DA:28,0
DA:30,0
DA:36,0
DA:37,0
DA:39,0
LF:14
LH:0
BRDA:36,0,0,0
BRDA:36,0,1,0
BRF:2
BRH:0
end_of_record
TN:
SF:pages/api/v1/sessions/index.js
FN:16,postHandler
FN:40,deleteHandler
FNF:2
FNH:0
FNDA:0,postHandler
FNDA:0,deleteHandler
DA:8,0
DA:10,0
DA:11,0
DA:12,0
DA:17,0
DA:18,0
DA:22,0
DA:23,0
DA:28,0
DA:29,0
DA:31,0
DA:37,0
DA:41,0
DA:42,0
DA:43,0
DA:44,0
DA:45,0
DA:47,0
DA:52,0
LF:19
LH:0
BRDA:22,0,0,0
BRDA:22,0,1,0
BRF:2
BRH:0
end_of_record
TN:
SF:pages/api/v1/status/index.js
FN:13,getHandler
FNF:1
FNH:0
FNDA:0,getHandler
DA:6,0
DA:8,0
DA:9,0
DA:14,0
DA:15,0
DA:16,0
DA:17,0
DA:18,0
DA:22,0
DA:23,0
DA:24,0
DA:29,0
DA:31,0
DA:42,0
DA:48,0
LF:15
LH:0
BRF:0
BRH:0
end_of_record
TN:
SF:pages/api/v1/user/index.js
FN:14,getHandler
FNF:1
FNH:0
FNDA:0,getHandler
DA:7,0
DA:9,0
DA:10,0
DA:15,0
DA:16,0
DA:17,0
DA:18,0
DA:19,0
DA:20,0
DA:21,0
DA:25,0
DA:30,0
LF:12
LH:0
BRF:0
BRH:0
end_of_record
TN:
SF:pages/api/v1/users/index.js
FN:12,postHandler
FNF:1
FNH:0
FNDA:0,postHandler
DA:6,0
DA:7,0
DA:8,0
DA:13,0
DA:14,0
DA:16,0
DA:17,0
DA:18,0
LF:8
LH:0
BRF:0
BRH:0
end_of_record
TN:
SF:pages/api/v1/users/[username]/index.js
FN:15,getHandler
FN:28,patchHandler
FNF:2
FNH:0
FNDA:0,getHandler
FNDA:0,patchHandler
DA:7,0
DA:9,0
DA:10,0
DA:11,0
DA:16,0
DA:17,0
DA:18,0
DA:19,0
DA:25,0
DA:29,0
DA:30,0
DA:32,0
DA:33,0
DA:35,0
DA:36,0
DA:43,0
DA:44,0
DA:49,0
LF:18
LH:0
BRDA:35,0,0,0
BRDA:35,0,1,0
BRF:2
BRH:0
end_of_record
TN:
SF:pages/status/index.js
FN:3,feathAPI
FN:9,StatusPage
FN:19,UpdatedAt
FN:31,Database
FNF:4
FNH:0
FNDA:0,feathAPI
FNDA:0,StatusPage
FNDA:0,UpdatedAt
FNDA:0,Database
DA:4,0
DA:5,0
DA:6,0
DA:20,0
DA:24,0
DA:25,0
DA:26,0
DA:32,0
DA:35,0
DA:36,0
DA:37,0
DA:38,0
DA:39,0
DA:40,0
DA:41,0
LF:15
LH:0
BRDA:25,0,0,0
BRDA:25,0,1,0
BRDA:25,1,0,0
BRDA:25,1,1,0
BRDA:38,2,0,0
BRDA:38,2,1,0
BRDA:38,3,0,0
BRDA:38,3,1,0
BRF:8
BRH:0
end_of_record
TN:
SF:tests/orchestrator.js
FN:11,waitForAllServices
FN:15,waitForWebServer
FN:21,fetchStatusPage
FN:29,waitForEmailServer
FN:35,fetchEmailPage
FN:44,clearDatabase
FN:48,runPendingMigrations
FN:52,createUser
FN:61,createSession
FN:65,deleteAllEmails
FN:71,getLastEmail
FN:84,extractUUID
FN:89,activateUser
FN:93,addFeaturesToUser
FNF:14
FNH:14
FNDA:13,waitForAllServices
FNDA:13,waitForWebServer
FNDA:13,fetchStatusPage
FNDA:13,waitForEmailServer
FNDA:13,fetchEmailPage
FNDA:11,clearDatabase
FNDA:10,runPendingMigrations
FNDA:35,createUser
FNDA:19,createSession
FNDA:2,deleteAllEmails
FNDA:2,getLastEmail
FNDA:1,extractUUID
FNDA:18,activateUser
FNDA:4,addFeaturesToUser
DA:9,13
DA:12,13
DA:13,13
DA:16,13
DA:22,13
DA:23,13
DA:24,0
DA:30,13
DA:36,13
DA:37,13
DA:38,0
DA:45,11
DA:49,10
DA:53,35
DA:62,19
DA:66,2
DA:72,2
DA:73,2
DA:74,2
DA:75,2
DA:76,2
DA:79,2
DA:80,2
DA:81,2
DA:85,1
DA:86,1
DA:90,18
DA:94,4
DA:95,4
DA:98,13
LF:30
LH:28
BRDA:23,0,0,0
BRDA:23,0,1,13
BRDA:37,1,0,0
BRDA:37,1,1,13
BRDA:55,2,0,35
BRDA:55,2,1,27
BRDA:56,3,0,35
BRDA:56,3,1,30
BRDA:57,4,0,35
BRDA:57,4,1,32
BRDA:75,5,0,0
BRDA:75,5,1,2
BRDA:86,6,0,1
BRDA:86,6,1,0
BRF:14
BRH:10
end_of_record
